This is pdfTeX, Version 3.14159265-2.6-1.40.20 (TeX Live 2019) (preloaded format=pdflatex 2020.1.30)  4 AUG 2020 10:06
entering extended mode
 restricted \write18 enabled.
 file:line:error style messages enabled.
 %&-line parsing enabled.
**/Users/mj/BA-Dokumentation/bericht.tex
(/Users/mj/BA-Dokumentation/bericht.tex
LaTeX2e <2018-12-01>
(/usr/local/texlive/2019/texmf-dist/tex/latex/base/report.cls
Document Class: report 2018/09/03 v1.4i Standard LaTeX document class
(/usr/local/texlive/2019/texmf-dist/tex/latex/base/size11.clo
File: size11.clo 2018/09/03 v1.4i Standard LaTeX file (size option)
)
\c@part=\count80
\c@chapter=\count81
\c@section=\count82
\c@subsection=\count83
\c@subsubsection=\count84
\c@paragraph=\count85
\c@subparagraph=\count86
\c@figure=\count87
\c@table=\count88
\abovecaptionskip=\skip41
\belowcaptionskip=\skip42
\bibindent=\dimen102
) (/usr/local/texlive/2019/texmf-dist/tex/latex/base/inputenc.sty
Package: inputenc 2018/08/11 v1.3c Input encoding file
\inpenc@prehook=\toks14
\inpenc@posthook=\toks15
) (/usr/local/texlive/2019/texmf-dist/tex/generic/babel/babel.sty
Package: babel 2019/05/04 3.31 The Babel package
 (/usr/local/texlive/2019/texmf-dist/tex/generic/babel/switch.def
File: switch.def 2019/05/04 3.31 Babel switching mechanism
) (/usr/local/texlive/2019/texmf-dist/tex/generic/babel-german/ngerman.ldf
Language: ngerman 2018/12/08 v2.11 German support for babel (post-1996 orthography)
 (/usr/local/texlive/2019/texmf-dist/tex/generic/babel-german/ngermanb.ldf
Language: ngermanb 2018/12/08 v2.11 German support for babel (post-1996 orthography)
 (/usr/local/texlive/2019/texmf-dist/tex/generic/babel/babel.def
File: babel.def 2019/05/04 3.31 Babel common definitions
\babel@savecnt=\count89
\U@D=\dimen103
 (/usr/local/texlive/2019/texmf-dist/tex/generic/babel/txtbabel.def)
\bbl@dirlevel=\count90
)
Package babel Info: Making " an active character on input line 121.
)) (/usr/local/texlive/2019/texmf-dist/tex/generic/babel-english/english.ldf
Language: english 2017/06/06 v3.3r English support from the babel system
\l@canadian = a dialect from \language\l@american 
\l@australian = a dialect from \language\l@british 
\l@newzealand = a dialect from \language\l@british 
)

Package babel Warning: Last declared language option is `ngerman',
(babel)                but the last processed one was `english'.
(babel)                The main language cannot be set as both a global
(babel)                and a package option. Use `main=ngerman' as
(babel)                option. Reported on input line 529.

) (/Users/mj/BA-Dokumentation/bericht.sty
Package: bericht 2017/10/06 v1.2
 (/usr/local/texlive/2019/texmf-dist/tex/latex/base/fontenc.sty
Package: fontenc 2018/08/11 v2.0j Standard LaTeX package
 (/usr/local/texlive/2019/texmf-dist/tex/latex/base/t1enc.def
File: t1enc.def 2018/08/11 v2.0j Standard LaTeX file
LaTeX Font Info:    Redeclaring font encoding T1 on input line 48.
)) (/usr/local/texlive/2019/texmf-dist/tex/latex/xcolor/xcolor.sty
Package: xcolor 2016/05/11 v2.12 LaTeX color extensions (UK)
 (/usr/local/texlive/2019/texmf-dist/tex/latex/graphics-cfg/color.cfg
File: color.cfg 2016/01/02 v1.6 sample color configuration
)
Package xcolor Info: Driver file: pdftex.def on input line 225.
 (/usr/local/texlive/2019/texmf-dist/tex/latex/graphics-def/pdftex.def
File: pdftex.def 2018/01/08 v1.0l Graphics/color driver for pdftex
) (/usr/local/texlive/2019/texmf-dist/tex/latex/colortbl/colortbl.sty
Package: colortbl 2018/12/12 v1.0d Color table columns (DPC)
 (/usr/local/texlive/2019/texmf-dist/tex/latex/tools/array.sty
Package: array 2018/12/30 v2.4k Tabular extension package (FMi)
\col@sep=\dimen104
\ar@mcellbox=\box27
\extrarowheight=\dimen105
\NC@list=\toks16
\extratabsurround=\skip43
\backup@length=\skip44
\ar@cellbox=\box28
)
\everycr=\toks17
\minrowclearance=\skip45
)
\rownum=\count91
Package xcolor Info: Model `cmy' substituted by `cmy0' on input line 1348.
Package xcolor Info: Model `hsb' substituted by `rgb' on input line 1352.
Package xcolor Info: Model `RGB' extended on input line 1364.
Package xcolor Info: Model `HTML' substituted by `rgb' on input line 1366.
Package xcolor Info: Model `Hsb' substituted by `hsb' on input line 1367.
Package xcolor Info: Model `tHsb' substituted by `hsb' on input line 1368.
Package xcolor Info: Model `HSB' substituted by `hsb' on input line 1369.
Package xcolor Info: Model `Gray' substituted by `gray' on input line 1370.
Package xcolor Info: Model `wave' substituted by `hsb' on input line 1371.
 (/usr/local/texlive/2019/texmf-dist/tex/latex/graphics/dvipsnam.def
File: dvipsnam.def 2016/06/17 v3.0m Driver-dependent file (DPC,SPQR)
)) (/usr/local/texlive/2019/texmf-dist/tex/latex/csquotes/csquotes.sty
Package: csquotes 2018/04/13 v5.2d context-sensitive quotations (JAW)
 (/usr/local/texlive/2019/texmf-dist/tex/latex/etoolbox/etoolbox.sty
Package: etoolbox 2018/08/19 v2.5f e-TeX tools for LaTeX (JAW)
\etb@tempcnta=\count92
) (/usr/local/texlive/2019/texmf-dist/tex/latex/graphics/keyval.sty
Package: keyval 2014/10/28 v1.15 key=value parser (DPC)
\KV@toks@=\toks18
)
\csq@reset=\count93
\csq@gtype=\count94
\csq@glevel=\count95
\csq@qlevel=\count96
\csq@maxlvl=\count97
\csq@tshold=\count98
\csq@ltx@everypar=\toks19
 (/usr/local/texlive/2019/texmf-dist/tex/latex/csquotes/csquotes.def
File: csquotes.def 2018/04/13 v5.2d csquotes generic definitions (JAW)
)
Package csquotes Info: Trying to load configuration file 'csquotes.cfg'...
Package csquotes Info: ... configuration file loaded successfully.
 (/usr/local/texlive/2019/texmf-dist/tex/latex/csquotes/csquotes.cfg
File: csquotes.cfg 
)) (/usr/local/texlive/2019/texmf-dist/tex/latex/tools/xspace.sty
Package: xspace 2014/10/28 v1.13 Space after command names (DPC,MH)
) (/usr/local/texlive/2019/texmf-dist/tex/latex/tools/tabularx.sty
Package: tabularx 2016/02/03 v2.11b `tabularx' package (DPC)
\TX@col@width=\dimen106
\TX@old@table=\dimen107
\TX@old@col=\dimen108
\TX@target=\dimen109
\TX@delta=\dimen110
\TX@cols=\count99
\TX@ftn=\toks20
) (/usr/local/texlive/2019/texmf-dist/tex/latex/eurosym/eurosym.sty
Package: eurosym 1998/08/06 v1.1 European currency symbol ``Euro''
\@eurobox=\box29
) (/usr/local/texlive/2019/texmf-dist/tex/latex/pdfpages/pdfpages.sty
Package: pdfpages 2017/10/31 v0.5l Insert pages of external PDF documents (AM)
 (/usr/local/texlive/2019/texmf-dist/tex/latex/base/ifthen.sty
Package: ifthen 2014/09/29 v1.1c Standard LaTeX ifthen package (DPC)
) (/usr/local/texlive/2019/texmf-dist/tex/latex/tools/calc.sty
Package: calc 2017/05/25 v4.3 Infix arithmetic (KKT,FJ)
\calc@Acount=\count100
\calc@Bcount=\count101
\calc@Adimen=\dimen111
\calc@Bdimen=\dimen112
\calc@Askip=\skip46
\calc@Bskip=\skip47
LaTeX Info: Redefining \setlength on input line 80.
LaTeX Info: Redefining \addtolength on input line 81.
\calc@Ccount=\count102
\calc@Cskip=\skip48
) (/usr/local/texlive/2019/texmf-dist/tex/latex/eso-pic/eso-pic.sty
Package: eso-pic 2018/04/12 v2.0h eso-pic (RN)
 (/usr/local/texlive/2019/texmf-dist/tex/generic/oberdiek/atbegshi.sty
Package: atbegshi 2016/06/09 v1.18 At begin shipout hook (HO)
 (/usr/local/texlive/2019/texmf-dist/tex/generic/oberdiek/infwarerr.sty
Package: infwarerr 2016/05/16 v1.4 Providing info/warning/error messages (HO)
) (/usr/local/texlive/2019/texmf-dist/tex/generic/oberdiek/ltxcmds.sty
Package: ltxcmds 2016/05/16 v1.23 LaTeX kernel commands for general use (HO)
) (/usr/local/texlive/2019/texmf-dist/tex/generic/oberdiek/ifpdf.sty
Package: ifpdf 2018/09/07 v3.3 Provides the ifpdf switch
))) (/usr/local/texlive/2019/texmf-dist/tex/latex/graphics/graphicx.sty
Package: graphicx 2017/06/01 v1.1a Enhanced LaTeX Graphics (DPC,SPQR)
 (/usr/local/texlive/2019/texmf-dist/tex/latex/graphics/graphics.sty
Package: graphics 2017/06/25 v1.2c Standard LaTeX Graphics (DPC,SPQR)
 (/usr/local/texlive/2019/texmf-dist/tex/latex/graphics/trig.sty
Package: trig 2016/01/03 v1.10 sin cos tan (DPC)
) (/usr/local/texlive/2019/texmf-dist/tex/latex/graphics-cfg/graphics.cfg
File: graphics.cfg 2016/06/04 v1.11 sample graphics configuration
)
Package graphics Info: Driver file: pdftex.def on input line 99.
)
\Gin@req@height=\dimen113
\Gin@req@width=\dimen114
)
\AM@pagewidth=\dimen115
\AM@pageheight=\dimen116
 (/usr/local/texlive/2019/texmf-dist/tex/latex/pdfpages/pppdftex.def
File: pppdftex.def 2017/10/31 v0.5l Pdfpages driver for pdfTeX (AM)
)
\AM@pagebox=\box30
\AM@global@opts=\toks21
\AM@toc@title=\toks22
\c@AM@survey=\count103
\AM@templatesizebox=\box31
) (/usr/local/texlive/2019/texmf-dist/tex/latex/needspace/needspace.sty
Package: needspace 2010/09/12 v1.3d reserve vertical space
) (/usr/local/texlive/2019/texmf-dist/tex/latex/hyperref/hyperref.sty
Package: hyperref 2018/11/30 v6.88e Hypertext links for LaTeX
 (/usr/local/texlive/2019/texmf-dist/tex/generic/oberdiek/hobsub-hyperref.sty
Package: hobsub-hyperref 2016/05/16 v1.14 Bundle oberdiek, subset hyperref (HO)
 (/usr/local/texlive/2019/texmf-dist/tex/generic/oberdiek/hobsub-generic.sty
Package: hobsub-generic 2016/05/16 v1.14 Bundle oberdiek, subset generic (HO)
Package: hobsub 2016/05/16 v1.14 Construct package bundles (HO)
Package hobsub Info: Skipping package `infwarerr' (already loaded).
Package hobsub Info: Skipping package `ltxcmds' (already loaded).
Package: ifluatex 2016/05/16 v1.4 Provides the ifluatex switch (HO)
Package ifluatex Info: LuaTeX not detected.
Package: ifvtex 2016/05/16 v1.6 Detect VTeX and its facilities (HO)
Package ifvtex Info: VTeX not detected.
Package: intcalc 2016/05/16 v1.2 Expandable calculations with integers (HO)
Package hobsub Info: Skipping package `ifpdf' (already loaded).
Package: etexcmds 2016/05/16 v1.6 Avoid name clashes with e-TeX commands (HO)
Package: kvsetkeys 2016/05/16 v1.17 Key value parser (HO)
Package: kvdefinekeys 2016/05/16 v1.4 Define keys (HO)
Package: pdftexcmds 2018/09/10 v0.29 Utility functions of pdfTeX for LuaTeX (HO)
Package pdftexcmds Info: LuaTeX not detected.
Package pdftexcmds Info: \pdf@primitive is available.
Package pdftexcmds Info: \pdf@ifprimitive is available.
Package pdftexcmds Info: \pdfdraftmode found.
Package: pdfescape 2016/05/16 v1.14 Implements pdfTeX's escape features (HO)
Package: bigintcalc 2016/05/16 v1.4 Expandable calculations on big integers (HO)
Package: bitset 2016/05/16 v1.2 Handle bit-vector datatype (HO)
Package: uniquecounter 2016/05/16 v1.3 Provide unlimited unique counter (HO)
)
Package hobsub Info: Skipping package `hobsub' (already loaded).
Package: letltxmacro 2016/05/16 v1.5 Let assignment for LaTeX macros (HO)
Package: hopatch 2016/05/16 v1.3 Wrapper for package hooks (HO)
Package: xcolor-patch 2016/05/16 xcolor patch
Package: atveryend 2016/05/16 v1.9 Hooks at the very end of document (HO)
Package hobsub Info: Skipping package `atbegshi' (already loaded).
Package: refcount 2016/05/16 v3.5 Data extraction from label references (HO)
Package: hycolor 2016/05/16 v1.8 Color options for hyperref/bookmark (HO)
) (/usr/local/texlive/2019/texmf-dist/tex/generic/ifxetex/ifxetex.sty
Package: ifxetex 2010/09/12 v0.6 Provides ifxetex conditional
) (/usr/local/texlive/2019/texmf-dist/tex/latex/oberdiek/auxhook.sty
Package: auxhook 2016/05/16 v1.4 Hooks for auxiliary files (HO)
) (/usr/local/texlive/2019/texmf-dist/tex/latex/oberdiek/kvoptions.sty
Package: kvoptions 2016/05/16 v3.12 Key value format for package options (HO)
)
\@linkdim=\dimen117
\Hy@linkcounter=\count104
\Hy@pagecounter=\count105
 (/usr/local/texlive/2019/texmf-dist/tex/latex/hyperref/pd1enc.def
File: pd1enc.def 2018/11/30 v6.88e Hyperref: PDFDocEncoding definition (HO)
Now handling font encoding PD1 ...
... no UTF-8 mapping file for font encoding PD1
)
\Hy@SavedSpaceFactor=\count106
 (/usr/local/texlive/2019/texmf-dist/tex/latex/latexconfig/hyperref.cfg
File: hyperref.cfg 2002/06/06 v1.2 hyperref configuration of TeXLive
)
Package hyperref Info: Option `bookmarksopen' set `true' on input line 4393.
Package hyperref Info: Option `bookmarksnumbered' set `true' on input line 4393.
Package hyperref Info: Hyper figures OFF on input line 4519.
Package hyperref Info: Link nesting OFF on input line 4524.
Package hyperref Info: Hyper index ON on input line 4527.
Package hyperref Info: Plain pages OFF on input line 4534.
Package hyperref Info: Backreferencing OFF on input line 4539.
Package hyperref Info: Implicit mode ON; LaTeX internals redefined.
Package hyperref Info: Bookmarks ON on input line 4772.
\c@Hy@tempcnt=\count107
 (/usr/local/texlive/2019/texmf-dist/tex/latex/url/url.sty
\Urlmuskip=\muskip10
Package: url 2013/09/16  ver 3.4  Verb mode for urls, etc.
)
LaTeX Info: Redefining \url on input line 5125.
\XeTeXLinkMargin=\dimen118
\Fld@menulength=\count108
\Field@Width=\dimen119
\Fld@charsize=\dimen120
Package hyperref Info: Hyper figures OFF on input line 6380.
Package hyperref Info: Link nesting OFF on input line 6385.
Package hyperref Info: Hyper index ON on input line 6388.
Package hyperref Info: backreferencing OFF on input line 6395.
Package hyperref Info: Link coloring OFF on input line 6400.
Package hyperref Info: Link coloring with OCG OFF on input line 6405.
Package hyperref Info: PDF/A mode OFF on input line 6410.
LaTeX Info: Redefining \ref on input line 6450.
LaTeX Info: Redefining \pageref on input line 6454.
\Hy@abspage=\count109
\c@Item=\count110
\c@Hfootnote=\count111
)
Package hyperref Info: Driver: hpdftex.
 (/usr/local/texlive/2019/texmf-dist/tex/latex/hyperref/hpdftex.def
File: hpdftex.def 2018/11/30 v6.88e Hyperref driver for pdfTeX
\Fld@listcount=\count112
\c@bookmark@seq@number=\count113
 (/usr/local/texlive/2019/texmf-dist/tex/latex/oberdiek/rerunfilecheck.sty
Package: rerunfilecheck 2016/05/16 v1.8 Rerun checks for auxiliary files (HO)
Package uniquecounter Info: New unique counter `rerunfilecheck' on input line 282.
)
\Hy@SectionHShift=\skip49
) (/usr/local/texlive/2019/texmf-dist/tex/latex/oberdiek/bookmark.sty
Package: bookmark 2016/05/17 v1.26 PDF bookmarks (HO)
 (/usr/local/texlive/2019/texmf-dist/tex/latex/oberdiek/bkm-pdftex.def
File: bkm-pdftex.def 2016/05/17 v1.26 bookmark driver for pdfTeX (HO)
\BKM@id=\count114
)) (/usr/local/texlive/2019/texmf-dist/tex/latex/preprint/fullpage.sty
Package: fullpage 1999/02/23 1.1 (PWD)
\FP@margin=\skip50
) (/usr/local/texlive/2019/texmf-dist/tex/latex/fancyhdr/fancyhdr.sty
Package: fancyhdr 2019/01/31 v3.10 Extensive control of page headers and footers
\f@nch@headwidth=\skip51
\f@nch@O@elh=\skip52
\f@nch@O@erh=\skip53
\f@nch@O@olh=\skip54
\f@nch@O@orh=\skip55
\f@nch@O@elf=\skip56
\f@nch@O@erf=\skip57
\f@nch@O@olf=\skip58
\f@nch@O@orf=\skip59
) (/usr/local/texlive/2019/texmf-dist/tex/latex/microtype/microtype.sty
Package: microtype 2019/02/28 v2.7b Micro-typographical refinements (RS)
\MT@toks=\toks23
\MT@count=\count115
LaTeX Info: Redefining \textls on input line 790.
\MT@outer@kern=\dimen121
LaTeX Info: Redefining \textmicrotypecontext on input line 1336.
\MT@listname@count=\count116
 (/usr/local/texlive/2019/texmf-dist/tex/latex/microtype/microtype-pdftex.def
File: microtype-pdftex.def 2019/02/28 v2.7b Definitions specific to pdftex (RS)
LaTeX Info: Redefining \lsstyle on input line 914.
LaTeX Info: Redefining \lslig on input line 914.
\MT@outer@space=\skip60
)
Package microtype Info: Loading configuration file microtype.cfg.
 (/usr/local/texlive/2019/texmf-dist/tex/latex/microtype/microtype.cfg
File: microtype.cfg 2019/02/28 v2.7b microtype main configuration file (RS)
)) (/usr/local/texlive/2019/texmf-dist/tex/latex/lm/lmodern.sty
Package: lmodern 2009/10/30 v1.6 Latin Modern Fonts
LaTeX Font Info:    Overwriting symbol font `operators' in version `normal'
(Font)                  OT1/cmr/m/n --> OT1/lmr/m/n on input line 22.
LaTeX Font Info:    Overwriting symbol font `letters' in version `normal'
(Font)                  OML/cmm/m/it --> OML/lmm/m/it on input line 23.
LaTeX Font Info:    Overwriting symbol font `symbols' in version `normal'
(Font)                  OMS/cmsy/m/n --> OMS/lmsy/m/n on input line 24.
LaTeX Font Info:    Overwriting symbol font `largesymbols' in version `normal'
(Font)                  OMX/cmex/m/n --> OMX/lmex/m/n on input line 25.
LaTeX Font Info:    Overwriting symbol font `operators' in version `bold'
(Font)                  OT1/cmr/bx/n --> OT1/lmr/bx/n on input line 26.
LaTeX Font Info:    Overwriting symbol font `letters' in version `bold'
(Font)                  OML/cmm/b/it --> OML/lmm/b/it on input line 27.
LaTeX Font Info:    Overwriting symbol font `symbols' in version `bold'
(Font)                  OMS/cmsy/b/n --> OMS/lmsy/b/n on input line 28.
LaTeX Font Info:    Overwriting symbol font `largesymbols' in version `bold'
(Font)                  OMX/cmex/m/n --> OMX/lmex/m/n on input line 29.
LaTeX Font Info:    Overwriting math alphabet `\mathbf' in version `normal'
(Font)                  OT1/cmr/bx/n --> OT1/lmr/bx/n on input line 31.
LaTeX Font Info:    Overwriting math alphabet `\mathsf' in version `normal'
(Font)                  OT1/cmss/m/n --> OT1/lmss/m/n on input line 32.
LaTeX Font Info:    Overwriting math alphabet `\mathit' in version `normal'
(Font)                  OT1/cmr/m/it --> OT1/lmr/m/it on input line 33.
LaTeX Font Info:    Overwriting math alphabet `\mathtt' in version `normal'
(Font)                  OT1/cmtt/m/n --> OT1/lmtt/m/n on input line 34.
LaTeX Font Info:    Overwriting math alphabet `\mathbf' in version `bold'
(Font)                  OT1/cmr/bx/n --> OT1/lmr/bx/n on input line 35.
LaTeX Font Info:    Overwriting math alphabet `\mathsf' in version `bold'
(Font)                  OT1/cmss/bx/n --> OT1/lmss/bx/n on input line 36.
LaTeX Font Info:    Overwriting math alphabet `\mathit' in version `bold'
(Font)                  OT1/cmr/bx/it --> OT1/lmr/bx/it on input line 37.
LaTeX Font Info:    Overwriting math alphabet `\mathtt' in version `bold'
(Font)                  OT1/cmtt/m/n --> OT1/lmtt/m/n on input line 38.
) (/usr/local/texlive/2019/texmf-dist/tex/latex/amsfonts/amssymb.sty
Package: amssymb 2013/01/14 v3.01 AMS font symbols
 (/usr/local/texlive/2019/texmf-dist/tex/latex/amsfonts/amsfonts.sty
Package: amsfonts 2013/01/14 v3.01 Basic AMSFonts support
\@emptytoks=\toks24
\symAMSa=\mathgroup4
\symAMSb=\mathgroup5
LaTeX Font Info:    Overwriting math alphabet `\mathfrak' in version `bold'
(Font)                  U/euf/m/n --> U/euf/b/n on input line 106.
)) (/usr/local/texlive/2019/texmf-dist/tex/latex/framed/framed.sty
Package: framed 2011/10/22 v 0.96: framed or shaded text with page breaks
\OuterFrameSep=\skip61
\fb@frw=\dimen122
\fb@frh=\dimen123
\FrameRule=\dimen124
\FrameSep=\dimen125
) (/usr/local/texlive/2019/texmf-dist/tex/latex/wrapfig/wrapfig.sty
\wrapoverhang=\dimen126
\WF@size=\dimen127
\c@WF@wrappedlines=\count117
\WF@box=\box32
\WF@everypar=\toks25
Package: wrapfig 2003/01/31  v 3.6
) (/usr/local/texlive/2019/texmf-dist/tex/latex/todonotes/todonotes.sty
Package: todonotes 2019/01/24 v1.1.2 Todonotes source and documentation.
Package: todonotes 2018/11/22
 (/usr/local/texlive/2019/texmf-dist/tex/latex/xkeyval/xkeyval.sty
Package: xkeyval 2014/12/03 v2.7a package option processing (HA)
 (/usr/local/texlive/2019/texmf-dist/tex/generic/xkeyval/xkeyval.tex (/usr/local/texlive/2019/texmf-dist/tex/generic/xkeyval/xkvutils.tex
\XKV@toks=\toks26
\XKV@tempa@toks=\toks27
)
\XKV@depth=\count118
File: xkeyval.tex 2014/12/03 v2.7a key=value parser (HA)
)) (/usr/local/texlive/2019/texmf-dist/tex/latex/pgf/frontendlayer/tikz.sty (/usr/local/texlive/2019/texmf-dist/tex/latex/pgf/basiclayer/pgf.sty (/usr/local/texlive/2019/texmf-dist/tex/latex/pgf/utilities/pgfrcs.sty (/usr/local/texlive/2019/texmf-dist/tex/generic/pgf/utilities/pgfutil-common.tex
\pgfutil@everybye=\toks28
\pgfutil@tempdima=\dimen128
\pgfutil@tempdimb=\dimen129
 (/usr/local/texlive/2019/texmf-dist/tex/generic/pgf/utilities/pgfutil-common-lists.tex)) (/usr/local/texlive/2019/texmf-dist/tex/generic/pgf/utilities/pgfutil-latex.def
\pgfutil@abb=\box33
 (/usr/local/texlive/2019/texmf-dist/tex/latex/ms/everyshi.sty
Package: everyshi 2001/05/15 v3.00 EveryShipout Package (MS)
)) (/usr/local/texlive/2019/texmf-dist/tex/generic/pgf/utilities/pgfrcs.code.tex (/usr/local/texlive/2019/texmf-dist/tex/generic/pgf/pgf.revision.tex)
Package: pgfrcs 2019/04/04 v3.1.2 (3.1.2)
))
Package: pgf 2019/04/04 v3.1.2 (3.1.2)
 (/usr/local/texlive/2019/texmf-dist/tex/latex/pgf/basiclayer/pgfcore.sty (/usr/local/texlive/2019/texmf-dist/tex/latex/pgf/systemlayer/pgfsys.sty (/usr/local/texlive/2019/texmf-dist/tex/generic/pgf/systemlayer/pgfsys.code.tex
Package: pgfsys 2019/04/04 v3.1.2 (3.1.2)
 (/usr/local/texlive/2019/texmf-dist/tex/generic/pgf/utilities/pgfkeys.code.tex
\pgfkeys@pathtoks=\toks29
\pgfkeys@temptoks=\toks30
 (/usr/local/texlive/2019/texmf-dist/tex/generic/pgf/utilities/pgfkeysfiltered.code.tex
\pgfkeys@tmptoks=\toks31
))
\pgf@x=\dimen130
\pgf@y=\dimen131
\pgf@xa=\dimen132
\pgf@ya=\dimen133
\pgf@xb=\dimen134
\pgf@yb=\dimen135
\pgf@xc=\dimen136
\pgf@yc=\dimen137
\w@pgf@writea=\write3
\r@pgf@reada=\read1
\c@pgf@counta=\count119
\c@pgf@countb=\count120
\c@pgf@countc=\count121
\c@pgf@countd=\count122
\t@pgf@toka=\toks32
\t@pgf@tokb=\toks33
\t@pgf@tokc=\toks34
\pgf@sys@id@count=\count123
 (/usr/local/texlive/2019/texmf-dist/tex/generic/pgf/systemlayer/pgf.cfg
File: pgf.cfg 2019/04/04 v3.1.2 (3.1.2)
)
Driver file for pgf: pgfsys-pdftex.def
 (/usr/local/texlive/2019/texmf-dist/tex/generic/pgf/systemlayer/pgfsys-pdftex.def
File: pgfsys-pdftex.def 2019/04/04 v3.1.2 (3.1.2)
 (/usr/local/texlive/2019/texmf-dist/tex/generic/pgf/systemlayer/pgfsys-common-pdf.def
File: pgfsys-common-pdf.def 2019/04/04 v3.1.2 (3.1.2)
))) (/usr/local/texlive/2019/texmf-dist/tex/generic/pgf/systemlayer/pgfsyssoftpath.code.tex
File: pgfsyssoftpath.code.tex 2019/04/04 v3.1.2 (3.1.2)
\pgfsyssoftpath@smallbuffer@items=\count124
\pgfsyssoftpath@bigbuffer@items=\count125
) (/usr/local/texlive/2019/texmf-dist/tex/generic/pgf/systemlayer/pgfsysprotocol.code.tex
File: pgfsysprotocol.code.tex 2019/04/04 v3.1.2 (3.1.2)
)) (/usr/local/texlive/2019/texmf-dist/tex/generic/pgf/basiclayer/pgfcore.code.tex
Package: pgfcore 2019/04/04 v3.1.2 (3.1.2)
 (/usr/local/texlive/2019/texmf-dist/tex/generic/pgf/math/pgfmath.code.tex (/usr/local/texlive/2019/texmf-dist/tex/generic/pgf/math/pgfmathcalc.code.tex (/usr/local/texlive/2019/texmf-dist/tex/generic/pgf/math/pgfmathutil.code.tex) (/usr/local/texlive/2019/texmf-dist/tex/generic/pgf/math/pgfmathparser.code.tex
\pgfmath@dimen=\dimen138
\pgfmath@count=\count126
\pgfmath@box=\box34
\pgfmath@toks=\toks35
\pgfmath@stack@operand=\toks36
\pgfmath@stack@operation=\toks37
) (/usr/local/texlive/2019/texmf-dist/tex/generic/pgf/math/pgfmathfunctions.code.tex (/usr/local/texlive/2019/texmf-dist/tex/generic/pgf/math/pgfmathfunctions.basic.code.tex) (/usr/local/texlive/2019/texmf-dist/tex/generic/pgf/math/pgfmathfunctions.trigonometric.code.tex) (/usr/local/texlive/2019/texmf-dist/tex/generic/pgf/math/pgfmathfunctions.random.code.tex) (/usr/local/texlive/2019/texmf-dist/tex/generic/pgf/math/pgfmathfunctions.comparison.code.tex) (/usr/local/texlive/2019/texmf-dist/tex/generic/pgf/math/pgfmathfunctions.base.code.tex) (/usr/local/texlive/2019/texmf-dist/tex/generic/pgf/math/pgfmathfunctions.round.code.tex) (/usr/local/texlive/2019/texmf-dist/tex/generic/pgf/math/pgfmathfunctions.misc.code.tex) (/usr/local/texlive/2019/texmf-dist/tex/generic/pgf/math/pgfmathfunctions.integerarithmetics.code.tex))) (/usr/local/texlive/2019/texmf-dist/tex/generic/pgf/math/pgfmathfloat.code.tex
\c@pgfmathroundto@lastzeros=\count127
)) (/usr/local/texlive/2019/texmf-dist/tex/generic/pgf/basiclayer/pgfcorepoints.code.tex
File: pgfcorepoints.code.tex 2019/04/04 v3.1.2 (3.1.2)
\pgf@picminx=\dimen139
\pgf@picmaxx=\dimen140
\pgf@picminy=\dimen141
\pgf@picmaxy=\dimen142
\pgf@pathminx=\dimen143
\pgf@pathmaxx=\dimen144
\pgf@pathminy=\dimen145
\pgf@pathmaxy=\dimen146
\pgf@xx=\dimen147
\pgf@xy=\dimen148
\pgf@yx=\dimen149
\pgf@yy=\dimen150
\pgf@zx=\dimen151
\pgf@zy=\dimen152
) (/usr/local/texlive/2019/texmf-dist/tex/generic/pgf/basiclayer/pgfcorepathconstruct.code.tex
File: pgfcorepathconstruct.code.tex 2019/04/04 v3.1.2 (3.1.2)
\pgf@path@lastx=\dimen153
\pgf@path@lasty=\dimen154
) (/usr/local/texlive/2019/texmf-dist/tex/generic/pgf/basiclayer/pgfcorepathusage.code.tex
File: pgfcorepathusage.code.tex 2019/04/04 v3.1.2 (3.1.2)
\pgf@shorten@end@additional=\dimen155
\pgf@shorten@start@additional=\dimen156
) (/usr/local/texlive/2019/texmf-dist/tex/generic/pgf/basiclayer/pgfcorescopes.code.tex
File: pgfcorescopes.code.tex 2019/04/04 v3.1.2 (3.1.2)
\pgfpic=\box35
\pgf@hbox=\box36
\pgf@layerbox@main=\box37
\pgf@picture@serial@count=\count128
) (/usr/local/texlive/2019/texmf-dist/tex/generic/pgf/basiclayer/pgfcoregraphicstate.code.tex
File: pgfcoregraphicstate.code.tex 2019/04/04 v3.1.2 (3.1.2)
\pgflinewidth=\dimen157
) (/usr/local/texlive/2019/texmf-dist/tex/generic/pgf/basiclayer/pgfcoretransformations.code.tex
File: pgfcoretransformations.code.tex 2019/04/04 v3.1.2 (3.1.2)
\pgf@pt@x=\dimen158
\pgf@pt@y=\dimen159
\pgf@pt@temp=\dimen160
) (/usr/local/texlive/2019/texmf-dist/tex/generic/pgf/basiclayer/pgfcorequick.code.tex
File: pgfcorequick.code.tex 2019/04/04 v3.1.2 (3.1.2)
) (/usr/local/texlive/2019/texmf-dist/tex/generic/pgf/basiclayer/pgfcoreobjects.code.tex
File: pgfcoreobjects.code.tex 2019/04/04 v3.1.2 (3.1.2)
) (/usr/local/texlive/2019/texmf-dist/tex/generic/pgf/basiclayer/pgfcorepathprocessing.code.tex
File: pgfcorepathprocessing.code.tex 2019/04/04 v3.1.2 (3.1.2)
) (/usr/local/texlive/2019/texmf-dist/tex/generic/pgf/basiclayer/pgfcorearrows.code.tex
File: pgfcorearrows.code.tex 2019/04/04 v3.1.2 (3.1.2)
\pgfarrowsep=\dimen161
) (/usr/local/texlive/2019/texmf-dist/tex/generic/pgf/basiclayer/pgfcoreshade.code.tex
File: pgfcoreshade.code.tex 2019/04/04 v3.1.2 (3.1.2)
\pgf@max=\dimen162
\pgf@sys@shading@range@num=\count129
\pgf@shadingcount=\count130
) (/usr/local/texlive/2019/texmf-dist/tex/generic/pgf/basiclayer/pgfcoreimage.code.tex
File: pgfcoreimage.code.tex 2019/04/04 v3.1.2 (3.1.2)
 (/usr/local/texlive/2019/texmf-dist/tex/generic/pgf/basiclayer/pgfcoreexternal.code.tex
File: pgfcoreexternal.code.tex 2019/04/04 v3.1.2 (3.1.2)
\pgfexternal@startupbox=\box38
)) (/usr/local/texlive/2019/texmf-dist/tex/generic/pgf/basiclayer/pgfcorelayers.code.tex
File: pgfcorelayers.code.tex 2019/04/04 v3.1.2 (3.1.2)
) (/usr/local/texlive/2019/texmf-dist/tex/generic/pgf/basiclayer/pgfcoretransparency.code.tex
File: pgfcoretransparency.code.tex 2019/04/04 v3.1.2 (3.1.2)
) (/usr/local/texlive/2019/texmf-dist/tex/generic/pgf/basiclayer/pgfcorepatterns.code.tex
File: pgfcorepatterns.code.tex 2019/04/04 v3.1.2 (3.1.2)
) (/usr/local/texlive/2019/texmf-dist/tex/generic/pgf/basiclayer/pgfcorerdf.code.tex
File: pgfcorerdf.code.tex 2019/04/04 v3.1.2 (3.1.2)
))) (/usr/local/texlive/2019/texmf-dist/tex/generic/pgf/modules/pgfmoduleshapes.code.tex
File: pgfmoduleshapes.code.tex 2019/04/04 v3.1.2 (3.1.2)
\pgfnodeparttextbox=\box39
) (/usr/local/texlive/2019/texmf-dist/tex/generic/pgf/modules/pgfmoduleplot.code.tex
File: pgfmoduleplot.code.tex 2019/04/04 v3.1.2 (3.1.2)
) (/usr/local/texlive/2019/texmf-dist/tex/latex/pgf/compatibility/pgfcomp-version-0-65.sty
Package: pgfcomp-version-0-65 2019/04/04 v3.1.2 (3.1.2)
\pgf@nodesepstart=\dimen163
\pgf@nodesepend=\dimen164
) (/usr/local/texlive/2019/texmf-dist/tex/latex/pgf/compatibility/pgfcomp-version-1-18.sty
Package: pgfcomp-version-1-18 2019/04/04 v3.1.2 (3.1.2)
)) (/usr/local/texlive/2019/texmf-dist/tex/latex/pgf/utilities/pgffor.sty (/usr/local/texlive/2019/texmf-dist/tex/latex/pgf/utilities/pgfkeys.sty (/usr/local/texlive/2019/texmf-dist/tex/generic/pgf/utilities/pgfkeys.code.tex)) (/usr/local/texlive/2019/texmf-dist/tex/latex/pgf/math/pgfmath.sty (/usr/local/texlive/2019/texmf-dist/tex/generic/pgf/math/pgfmath.code.tex)) (/usr/local/texlive/2019/texmf-dist/tex/generic/pgf/utilities/pgffor.code.tex
Package: pgffor 2019/04/04 v3.1.2 (3.1.2)
 (/usr/local/texlive/2019/texmf-dist/tex/generic/pgf/math/pgfmath.code.tex)
\pgffor@iter=\dimen165
\pgffor@skip=\dimen166
\pgffor@stack=\toks38
\pgffor@toks=\toks39
)) (/usr/local/texlive/2019/texmf-dist/tex/generic/pgf/frontendlayer/tikz/tikz.code.tex
Package: tikz 2019/04/04 v3.1.2 (3.1.2)
 (/usr/local/texlive/2019/texmf-dist/tex/generic/pgf/libraries/pgflibraryplothandlers.code.tex
File: pgflibraryplothandlers.code.tex 2019/04/04 v3.1.2 (3.1.2)
\pgf@plot@mark@count=\count131
\pgfplotmarksize=\dimen167
)
\tikz@lastx=\dimen168
\tikz@lasty=\dimen169
\tikz@lastxsaved=\dimen170
\tikz@lastysaved=\dimen171
\tikzleveldistance=\dimen172
\tikzsiblingdistance=\dimen173
\tikz@figbox=\box40
\tikz@figbox@bg=\box41
\tikz@tempbox=\box42
\tikz@tempbox@bg=\box43
\tikztreelevel=\count132
\tikznumberofchildren=\count133
\tikznumberofcurrentchild=\count134
\tikz@fig@count=\count135
 (/usr/local/texlive/2019/texmf-dist/tex/generic/pgf/modules/pgfmodulematrix.code.tex
File: pgfmodulematrix.code.tex 2019/04/04 v3.1.2 (3.1.2)
\pgfmatrixcurrentrow=\count136
\pgfmatrixcurrentcolumn=\count137
\pgf@matrix@numberofcolumns=\count138
)
\tikz@expandcount=\count139
 (/usr/local/texlive/2019/texmf-dist/tex/generic/pgf/frontendlayer/tikz/libraries/tikzlibrarytopaths.code.tex
File: tikzlibrarytopaths.code.tex 2019/04/04 v3.1.2 (3.1.2)
))) (/usr/local/texlive/2019/texmf-dist/tex/generic/pgf/frontendlayer/tikz/libraries/tikzlibrarypositioning.code.tex
File: tikzlibrarypositioning.code.tex 2019/04/04 v3.1.2 (3.1.2)
) (/usr/local/texlive/2019/texmf-dist/tex/generic/pgf/frontendlayer/tikz/libraries/tikzlibraryshadows.code.tex
File: tikzlibraryshadows.code.tex 2019/04/04 v3.1.2 (3.1.2)
 (/usr/local/texlive/2019/texmf-dist/tex/generic/pgf/frontendlayer/tikz/libraries/tikzlibraryfadings.code.tex
File: tikzlibraryfadings.code.tex 2019/04/04 v3.1.2 (3.1.2)
 (/usr/local/texlive/2019/texmf-dist/tex/generic/pgf/libraries/pgflibraryfadings.code.tex
File: pgflibraryfadings.code.tex 2019/04/04 v3.1.2 (3.1.2)
)))
\c@@todonotes@numberoftodonotes=\count140
)
(/usr/local/texlive/2019/texmf-dist/tex/latex/base/makeidx.sty
Package: makeidx 2014/09/29 v1.0m Standard LaTeX package
)
\@indexfile=\write4
\openout4 = `bericht.idx'.


Writing index file bericht.idx
(/usr/local/texlive/2019/texmf-dist/tex/latex/biblatex/biblatex.sty
Package: biblatex 2018/11/02 v3.12 programmable bibliographies (PK/MW)
 (/usr/local/texlive/2019/texmf-dist/tex/latex/logreq/logreq.sty
Package: logreq 2010/08/04 v1.0 xml request logger
\lrq@indent=\count141
 (/usr/local/texlive/2019/texmf-dist/tex/latex/logreq/logreq.def
File: logreq.def 2010/08/04 v1.0 logreq spec v1.0
))
\c@tabx@nest=\count142
\c@listtotal=\count143
\c@listcount=\count144
\c@liststart=\count145
\c@liststop=\count146
\c@citecount=\count147
\c@citetotal=\count148
\c@multicitecount=\count149
\c@multicitetotal=\count150
\c@instcount=\count151
\c@maxnames=\count152
\c@minnames=\count153
\c@maxitems=\count154
\c@minitems=\count155
\c@citecounter=\count156
\c@maxcitecounter=\count157
\c@savedcitecounter=\count158
\c@uniquelist=\count159
\c@uniquename=\count160
\c@refsection=\count161
\c@refsegment=\count162
\c@maxextratitle=\count163
\c@maxextratitleyear=\count164
\c@maxextraname=\count165
\c@maxextradate=\count166
\c@maxextraalpha=\count167
\c@abbrvpenalty=\count168
\c@highnamepenalty=\count169
\c@lownamepenalty=\count170
\c@maxparens=\count171
\c@parenlevel=\count172
\blx@tempcnta=\count173
\blx@tempcntb=\count174
\blx@tempcntc=\count175
\blx@maxsection=\count176
\blx@maxsegment@0=\count177
\blx@notetype=\count178
\blx@parenlevel@text=\count179
\blx@parenlevel@foot=\count180
\blx@sectionciteorder@0=\count181
\blx@entrysetcounter=\count182
\labelnumberwidth=\skip62
\labelalphawidth=\skip63
\biblabelsep=\skip64
\bibitemsep=\skip65
\bibnamesep=\skip66
\bibinitsep=\skip67
\bibparsep=\skip68
\bibhang=\skip69
\blx@bcfin=\read2
\blx@bcfout=\write5
\c@mincomprange=\count183
\c@maxcomprange=\count184
\c@mincompwidth=\count185
Package biblatex Info: Trying to load biblatex default data model...
Package biblatex Info: ... file 'blx-dm.def' found.
 (/usr/local/texlive/2019/texmf-dist/tex/latex/biblatex/blx-dm.def
File: blx-dm.def 2018/11/02 v3.12 biblatex localization (PK/MW)
)
Package biblatex Info: Trying to load biblatex style data model...
Package biblatex Info: ... file 'authoryear-comp.dbx' not found.
Package biblatex Info: Trying to load biblatex custom data model...
Package biblatex Info: ... file 'biblatex-dm.cfg' not found.
\c@afterword=\count186
\c@savedafterword=\count187
\c@annotator=\count188
\c@savedannotator=\count189
\c@author=\count190
\c@savedauthor=\count191
\c@bookauthor=\count192
\c@savedbookauthor=\count193
\c@commentator=\count194
\c@savedcommentator=\count195
\c@editor=\count196
\c@savededitor=\count197
\c@editora=\count198
\c@savededitora=\count199
\c@editorb=\count266
\c@savededitorb=\count267
\c@editorc=\count268
\c@savededitorc=\count269
\c@foreword=\count270
\c@savedforeword=\count271
\c@holder=\count272
\c@savedholder=\count273
\c@introduction=\count274
\c@savedintroduction=\count275
\c@namea=\count276
\c@savednamea=\count277
\c@nameb=\count278
\c@savednameb=\count279
\c@namec=\count280
\c@savednamec=\count281
\c@translator=\count282
\c@savedtranslator=\count283
\c@shortauthor=\count284
\c@savedshortauthor=\count285
\c@shorteditor=\count286
\c@savedshorteditor=\count287
\c@labelname=\count288
\c@savedlabelname=\count289
\c@institution=\count290
\c@savedinstitution=\count291
\c@lista=\count292
\c@savedlista=\count293
\c@listb=\count294
\c@savedlistb=\count295
\c@listc=\count296
\c@savedlistc=\count297
\c@listd=\count298
\c@savedlistd=\count299
\c@liste=\count300
\c@savedliste=\count301
\c@listf=\count302
\c@savedlistf=\count303
\c@location=\count304
\c@savedlocation=\count305
\c@organization=\count306
\c@savedorganization=\count307
\c@origlocation=\count308
\c@savedoriglocation=\count309
\c@origpublisher=\count310
\c@savedorigpublisher=\count311
\c@publisher=\count312
\c@savedpublisher=\count313
\c@language=\count314
\c@savedlanguage=\count315
\c@origlanguage=\count316
\c@savedoriglanguage=\count317
\c@pageref=\count318
\c@savedpageref=\count319
\shorthandwidth=\skip70
\shortjournalwidth=\skip71
\shortserieswidth=\skip72
\shorttitlewidth=\skip73
\shortauthorwidth=\skip74
\shorteditorwidth=\skip75
\locallabelnumberwidth=\skip76
\locallabelalphawidth=\skip77
\localshorthandwidth=\skip78
\localshortjournalwidth=\skip79
\localshortserieswidth=\skip80
\localshorttitlewidth=\skip81
\localshortauthorwidth=\skip82
\localshorteditorwidth=\skip83
Package biblatex Info: Trying to load compatibility code...
Package biblatex Info: ... file 'blx-compat.def' found.
 (/usr/local/texlive/2019/texmf-dist/tex/latex/biblatex/blx-compat.def
File: blx-compat.def 2018/11/02 v3.12 biblatex compatibility (PK/MW)
)
Package biblatex Info: Trying to load BibTeX backend compatibility...
Package biblatex Info: ... file 'blx-bibtex.def' found.
 (/usr/local/texlive/2019/texmf-dist/tex/latex/biblatex/blx-bibtex.def
File: blx-bibtex.def 2018/11/02 v3.12 biblatex compatibility (PK/MW)


Package biblatex Warning: Using fall-back BibTeX(8) backend:
(biblatex)                functionality may be reduced/unavailable.

)
Package biblatex Info: Trying to load generic definitions...
Package biblatex Info: ... file 'biblatex.def' found.
 (/usr/local/texlive/2019/texmf-dist/tex/latex/biblatex/biblatex.def
File: biblatex.def 2018/11/02 v3.12 biblatex compatibility (PK/MW)
\c@textcitecount=\count320
\c@textcitetotal=\count321
\c@textcitemaxnames=\count322
\c@biburlnumpenalty=\count323
\c@biburlucpenalty=\count324
\c@biburllcpenalty=\count325
\c@smartand=\count326
)
Package biblatex Info: Trying to load bibliography style 'authoryear-comp'...
Package biblatex Info: ... file 'authoryear-comp.bbx' found.
 (/usr/local/texlive/2019/texmf-dist/tex/latex/biblatex/bbx/authoryear-comp.bbx
File: authoryear-comp.bbx 2018/11/02 v3.12 biblatex bibliography style (PK/MW)
Package biblatex Info: Trying to load bibliography style 'authoryear'...
Package biblatex Info: ... file 'authoryear.bbx' found.
 (/usr/local/texlive/2019/texmf-dist/tex/latex/biblatex/bbx/authoryear.bbx
File: authoryear.bbx 2018/11/02 v3.12 biblatex bibliography style (PK/MW)
Package biblatex Info: Trying to load bibliography style 'standard'...
Package biblatex Info: ... file 'standard.bbx' found.
 (/usr/local/texlive/2019/texmf-dist/tex/latex/biblatex/bbx/standard.bbx
File: standard.bbx 2018/11/02 v3.12 biblatex bibliography style (PK/MW)
\c@bbx:relatedcount=\count327
\c@bbx:relatedtotal=\count328
)))
Package biblatex Info: Trying to load citation style 'authoryear-comp'...
Package biblatex Info: ... file 'authoryear-comp.cbx' found.
 (/usr/local/texlive/2019/texmf-dist/tex/latex/biblatex/cbx/authoryear-comp.cbx
File: authoryear-comp.cbx 2018/11/02 v3.12 biblatex citation style (PK/MW)
Package biblatex Info: Redefining '\cite'.
Package biblatex Info: Redefining '\parencite'.
Package biblatex Info: Redefining '\footcite'.
Package biblatex Info: Redefining '\footcitetext'.
Package biblatex Info: Redefining '\smartcite'.
Package biblatex Info: Redefining '\textcite'.
Package biblatex Info: Redefining '\textcites'.
Package biblatex Info: Redefining '\cites'.
Package biblatex Info: Redefining '\parencites'.
Package biblatex Info: Redefining '\footcites'.
Package biblatex Info: Redefining '\footcitetexts'.
Package biblatex Info: Redefining '\smartcites'.
)
Package biblatex Info: Trying to load configuration file...
Package biblatex Info: ... file 'biblatex.cfg' found.
 (/usr/local/texlive/2019/texmf-dist/tex/latex/biblatex/biblatex.cfg
File: biblatex.cfg 
))
Package biblatex Info: Redefining '\citeurl' on input line 122.
 (/usr/local/texlive/2019/texmf-dist/tex/latex/listings/listings.sty
\lst@mode=\count329
\lst@gtempboxa=\box44
\lst@token=\toks40
\lst@length=\count330
\lst@currlwidth=\dimen174
\lst@column=\count331
\lst@pos=\count332
\lst@lostspace=\dimen175
\lst@width=\dimen176
\lst@newlines=\count333
\lst@lineno=\count334
\lst@maxwidth=\dimen177
 (/usr/local/texlive/2019/texmf-dist/tex/latex/listings/lstmisc.sty
File: lstmisc.sty 2019/02/27 1.8b (Carsten Heinz)
\c@lstnumber=\count335
\lst@skipnumbers=\count336
\lst@framebox=\box45
) (/usr/local/texlive/2019/texmf-dist/tex/latex/listings/listings.cfg
File: listings.cfg 2019/02/27 1.8b listings configuration
))
Package: listings 2019/02/27 1.8b (Carsten Heinz)
 (/usr/local/texlive/2019/texmf-dist/tex/latex/acronym/acronym.sty
Package: acronym 2015/03/21 v1.41 Support for acronyms (Tobias Oetiker)
 (/usr/local/texlive/2019/texmf-dist/tex/latex/bigfoot/suffix.sty
Package: suffix 2006/07/15 1.5a Variant command support
) (/usr/local/texlive/2019/texmf-dist/tex/generic/xstring/xstring.sty (/usr/local/texlive/2019/texmf-dist/tex/generic/xstring/xstring.tex
\integerpart=\count337
\decimalpart=\count338
)
Package: xstring 2019/02/06 v1.83 String manipulations (CT)
)
\AC@clearlist=\toks41
) (/usr/local/texlive/2019/texmf-dist/tex/latex/float/float.sty
Package: float 2001/11/08 v1.3d Float enhancements (AL)
\c@float@type=\count339
\float@exts=\toks42
\float@box=\box46
\@float@everytoks=\toks43
\@floatcapt=\box47
)
\@float@every@eq=\toks44
\c@eq=\count340
) (/usr/local/texlive/2019/texmf-dist/tex/latex/subfigure/subfigure.sty
Package: subfigure 2002/03/15 v2.1.5 subfigure package
\subfigtopskip=\skip84
\subfigcapskip=\skip85
\subfigcaptopadj=\dimen178
\subfigbottomskip=\skip86
\subfigcapmargin=\dimen179
\subfiglabelskip=\skip87
\c@subfigure=\count341
\c@lofdepth=\count342
\c@subtable=\count343
\c@lotdepth=\count344

****************************************
* Local config file subfigure.cfg used *
****************************************
(/usr/local/texlive/2019/texmf-dist/tex/latex/subfigure/subfigure.cfg)
\subfig@top=\skip88
\subfig@bottom=\skip89
) (/usr/local/texlive/2019/texmf-dist/tex/latex/amsmath/amsmath.sty
Package: amsmath 2018/12/01 v2.17b AMS math features
\@mathmargin=\skip90

For additional information on amsmath, use the `?' option.
(/usr/local/texlive/2019/texmf-dist/tex/latex/amsmath/amstext.sty
Package: amstext 2000/06/29 v2.01 AMS text
 (/usr/local/texlive/2019/texmf-dist/tex/latex/amsmath/amsgen.sty
File: amsgen.sty 1999/11/30 v2.0 generic functions
\@emptytoks=\toks45
\ex@=\dimen180
)) (/usr/local/texlive/2019/texmf-dist/tex/latex/amsmath/amsbsy.sty
Package: amsbsy 1999/11/29 v1.2d Bold Symbols
\pmbraise@=\dimen181
) (/usr/local/texlive/2019/texmf-dist/tex/latex/amsmath/amsopn.sty
Package: amsopn 2016/03/08 v2.02 operator names
)
\inf@bad=\count345
LaTeX Info: Redefining \frac on input line 223.
\uproot@=\count346
\leftroot@=\count347
LaTeX Info: Redefining \overline on input line 385.
\classnum@=\count348
\DOTSCASE@=\count349
LaTeX Info: Redefining \ldots on input line 482.
LaTeX Info: Redefining \dots on input line 485.
LaTeX Info: Redefining \cdots on input line 606.
\Mathstrutbox@=\box48
\strutbox@=\box49
\big@size=\dimen182
LaTeX Font Info:    Redeclaring font encoding OML on input line 729.
LaTeX Font Info:    Redeclaring font encoding OMS on input line 730.
\macc@depth=\count350
\c@MaxMatrixCols=\count351
\dotsspace@=\muskip11
\c@parentequation=\count352
\dspbrk@lvl=\count353
\tag@help=\toks46
\row@=\count354
\column@=\count355
\maxfields@=\count356
\andhelp@=\toks47
\eqnshift@=\dimen183
\alignsep@=\dimen184
\tagshift@=\dimen185
\tagwidth@=\dimen186
\totwidth@=\dimen187
\lineht@=\dimen188
\@envbody=\toks48
\multlinegap=\skip91
\multlinetaggap=\skip92
\mathdisplay@stack=\toks49
LaTeX Info: Redefining \[ on input line 2844.
LaTeX Info: Redefining \] on input line 2845.
) (/usr/local/texlive/2019/texmf-dist/tex/latex/blindtext/blindtext.sty
Package: blindtext 2012/01/06 V2.0 blindtext-Package
\c@blindtext=\count357
\c@Blindtext=\count358
\c@blind@countparstart=\count359
\blind@countxx=\count360
\blindtext@numBlindtext=\count361
\blind@countyy=\count362
\c@blindlist=\count363
\c@blindlistlevel=\count364
\c@blindlist@level=\count365
\blind@listitem=\count366
\c@blind@listcount=\count367
\c@blind@levelcount=\count368
\blind@mathformula=\count369
\blind@Mathformula=\count370
\c@blind@randomcount=\count371
\c@blind@randommax=\count372
\c@blind@pangramcount=\count373
\c@blind@pangrammax=\count374
)
Package csquotes Info: Checking for multilingual support...
Package csquotes Info: ... found 'babel' package.
Package csquotes Info: Adjusting default style.
Package csquotes Info: Redefining alias 'default' -> 'english'.
Package biblatex Info: Trying to load language 'english'...
Package biblatex Info: ... file 'english.lbx' found.
 (/usr/local/texlive/2019/texmf-dist/tex/latex/biblatex/lbx/english.lbx
File: english.lbx 2018/11/02 v3.12 biblatex localization (PK/MW)
)
Package biblatex Info: Trying to load language 'ngerman'...
Package biblatex Info: ... file 'ngerman.lbx' found.
 (/usr/local/texlive/2019/texmf-dist/tex/latex/biblatex/lbx/ngerman.lbx
File: ngerman.lbx 2018/11/02 v3.12 biblatex localization (PK/MW)
Package biblatex Info: Trying to load language 'german'...
Package biblatex Info: ... file 'german.lbx' found.
 (/usr/local/texlive/2019/texmf-dist/tex/latex/biblatex/lbx/german.lbx
File: german.lbx 2018/11/02 v3.12 biblatex localization (PK/MW)
)
Package biblatex Info: Trying to load language 'german'...
Package biblatex Info: ... file 'german.lbx' found.
 (/usr/local/texlive/2019/texmf-dist/tex/latex/biblatex/lbx/german.lbx
File: german.lbx 2018/11/02 v3.12 biblatex localization (PK/MW)
))

Package biblatex Warning: Attempt to redefine deprecated '\mkbibnamelast'.
(biblatex)                Please use '\mkbibnamefamily' instead.
(biblatex)                Using '\mkbibnamefamily'.

(/Users/mj/BA-Dokumentation/bericht.aux (/Users/mj/BA-Dokumentation/abk.aux) (/Users/mj/BA-Dokumentation/1Einleitung/kapitel1.aux) (/Users/mj/BA-Dokumentation/2Grundlagen/kapitel2.aux) (/Users/mj/BA-Dokumentation/2Grundlagen/kapitel2A.aux) (/Users/mj/BA-Dokumentation/2Grundlagen/kapitel2Aa.aux) (/Users/mj/BA-Dokumentation/2GrundlagenX/kapitel2X.aux) (/Users/mj/BA-Dokumentation/3Konzeption/kapitel3.aux) (/Users/mj/BA-Dokumentation/4Umsetzung/kapitel4.aux) (/Users/mj/BA-Dokumentation/5Fazit/fazit.aux))
\openout1 = `bericht.aux'.

LaTeX Font Info:    Checking defaults for OML/cmm/m/it on input line 95.
LaTeX Font Info:    ... okay on input line 95.
LaTeX Font Info:    Checking defaults for T1/cmr/m/n on input line 95.
LaTeX Font Info:    ... okay on input line 95.
LaTeX Font Info:    Checking defaults for OT1/cmr/m/n on input line 95.
LaTeX Font Info:    ... okay on input line 95.
LaTeX Font Info:    Checking defaults for OMS/cmsy/m/n on input line 95.
LaTeX Font Info:    ... okay on input line 95.
LaTeX Font Info:    Checking defaults for OMX/cmex/m/n on input line 95.
LaTeX Font Info:    ... okay on input line 95.
LaTeX Font Info:    Checking defaults for U/cmr/m/n on input line 95.
LaTeX Font Info:    ... okay on input line 95.
LaTeX Font Info:    Checking defaults for PD1/pdf/m/n on input line 95.
LaTeX Font Info:    ... okay on input line 95.
LaTeX Font Info:    Try loading font information for T1+lmr on input line 95.
 (/usr/local/texlive/2019/texmf-dist/tex/latex/lm/t1lmr.fd
File: t1lmr.fd 2009/10/30 v1.6 Font defs for Latin Modern
) (/usr/local/texlive/2019/texmf-dist/tex/context/base/mkii/supp-pdf.mkii
[Loading MPS to PDF converter (version 2006.09.02).]
\scratchcounter=\count375
\scratchdimen=\dimen189
\scratchbox=\box50
\nofMPsegments=\count376
\nofMParguments=\count377
\everyMPshowfont=\toks50
\MPscratchCnt=\count378
\MPscratchDim=\dimen190
\MPnumerator=\count379
\makeMPintoPDFobject=\count380
\everyMPtoPDFconversion=\toks51
) (/usr/local/texlive/2019/texmf-dist/tex/latex/oberdiek/epstopdf-base.sty
Package: epstopdf-base 2016/05/15 v2.6 Base part for package epstopdf
 (/usr/local/texlive/2019/texmf-dist/tex/latex/oberdiek/grfext.sty
Package: grfext 2016/05/16 v1.2 Manage graphics extensions (HO)
)
Package epstopdf-base Info: Redefining graphics rule for `.eps' on input line 438.
Package grfext Info: Graphics extension search list:
(grfext)             [.pdf,.png,.jpg,.mps,.jpeg,.jbig2,.jb2,.PDF,.PNG,.JPG,.JPEG,.JBIG2,.JB2,.eps]
(grfext)             \AppendGraphicsExtensions on input line 456.
 (/usr/local/texlive/2019/texmf-dist/tex/latex/latexconfig/epstopdf-sys.cfg
File: epstopdf-sys.cfg 2010/07/13 v1.3 Configuration of (r)epstopdf for TeX Live
))
\AtBeginShipoutBox=\box51
 (/usr/local/texlive/2019/texmf-dist/tex/latex/oberdiek/pdflscape.sty
Package: pdflscape 2016/05/14 v0.11 Display of landscape pages in PDF (HO)
 (/usr/local/texlive/2019/texmf-dist/tex/latex/graphics/lscape.sty
Package: lscape 2000/10/22 v3.01 Landscape Pages (DPC)
))
Package hyperref Info: Link coloring OFF on input line 95.
 (/usr/local/texlive/2019/texmf-dist/tex/latex/hyperref/nameref.sty
Package: nameref 2016/05/21 v2.44 Cross-referencing by name of section
 (/usr/local/texlive/2019/texmf-dist/tex/generic/oberdiek/gettitlestring.sty
Package: gettitlestring 2016/05/16 v1.5 Cleanup title references (HO)
)
\c@section@level=\count381
)
LaTeX Info: Redefining \ref on input line 95.
LaTeX Info: Redefining \pageref on input line 95.
LaTeX Info: Redefining \nameref on input line 95.
LaTeX Info: Redefining \microtypecontext on input line 95.
Package microtype Info: Generating PDF output.
Package microtype Info: Character protrusion enabled (level 2).
Package microtype Info: Using default protrusion set `alltext'.
Package microtype Info: Automatic font expansion enabled (level 2),
(microtype)             stretch: 20, shrink: 20, step: 1, non-selected.
Package microtype Info: Using default expansion set `basictext'.
Package microtype Info: No adjustment of tracking.
Package microtype Info: No adjustment of interword spacing.
Package microtype Info: No adjustment of character kerning.
 (/usr/local/texlive/2019/texmf-dist/tex/latex/microtype/mt-cmr.cfg
File: mt-cmr.cfg 2013/05/19 v2.2 microtype config. file: Computer Modern Roman (RS)
) ABD: EveryShipout initializing macros

Package todonotes Warning: The length marginparwidth is less than 2cm and will most likely cause issues with the appearance of inserted todonotes. The issue can be solved by adding a line like \setlength {\marginparwidth }{2cm} prior to loading the todonotes package. on input line 95.

Package biblatex Info: Input encoding 'utf8' detected.
Package biblatex Info: Automatic encoding selection.
(biblatex)             Assuming data encoding 'utf8'.
Package biblatex Info: Input encoding 'utf8' specified.
Package biblatex Info: Data encoding 'utf8' specified.
(biblatex)             No need to reencode data.
\openout5 = `bericht-blx.bib'.

Package biblatex Info: Trying to load bibliographic data...
Package biblatex Info: ... file 'bericht.bbl' found.
(/Users/mj/BA-Dokumentation/bericht.bbl

Package biblatex Warning: BibTeX reported the following issues
(biblatex)                with 'aac.2020j':
(biblatex)                - Invalid format of field 'month'.


Package biblatex Warning: BibTeX reported the following issues
(biblatex)                with 'arcoreofficial.2020j':
(biblatex)                - Invalid format of field 'month'.


Package biblatex Warning: BibTeX reported the following issues
(biblatex)                with 'boeingStudy.2015a':
(biblatex)                - Invalid format of field 'month'.


Package biblatex Warning: BibTeX reported the following issues
(biblatex)                with 'normalisierung.2020j':
(biblatex)                - Invalid format of field 'month'.


Package biblatex Warning: BibTeX reported the following issues
(biblatex)                with 'googleliveview.2019a':
(biblatex)                - Invalid format of field 'month'.


Package biblatex Warning: BibTeX reported the following issues
(biblatex)                with 'imubild.2020j':
(biblatex)                - Invalid format of field 'month'.


Package biblatex Warning: BibTeX reported the following issues
(biblatex)                with 'boilerplate.2019m':
(biblatex)                - Invalid format of field 'month'.


Package biblatex Warning: BibTeX reported the following issues
(biblatex)                with 'koordinatennorm.1973m':
(biblatex)                - Invalid format of field 'month'.


Package biblatex Warning: BibTeX reported the following issues
(biblatex)                with 'projecttango.2016j':
(biblatex)                - Invalid format of field 'month'.


Package biblatex Warning: BibTeX reported the following issues
(biblatex)                with 'slamdefi.2016a':
(biblatex)                - Invalid format of field 'month'.


Package biblatex Warning: BibTeX reported the following issues
(biblatex)                with 'koppelnavigation.2019j':
(biblatex)                - Invalid format of field 'month'.


Package biblatex Warning: BibTeX reported the following issues
(biblatex)                with 'architektursw.2006f':
(biblatex)                - Invalid format of field 'month'.


Package biblatex Warning: BibTeX reported the following issues
(biblatex)                with 'sqlite.2018j':
(biblatex)                - Invalid format of field 'month'.


Package biblatex Warning: BibTeX reported the following issues
(biblatex)                with 'mvvmDiagramm.2015n':
(biblatex)                - Invalid format of field 'month'.


Package biblatex Warning: BibTeX reported the following issues
(biblatex)                with 'arcorefundamentals.2018m':
(biblatex)                - Invalid format of field 'month'.


Package biblatex Warning: BibTeX reported the following issues
(biblatex)                with 'mvvmentwickler.2010s':
(biblatex)                - Invalid format of field 'month'.


Package biblatex Warning: BibTeX reported the following issues
(biblatex)                with 'soc.2019a':
(biblatex)                - Invalid format of field 'month'.


Package biblatex Warning: BibTeX reported the following issues
(biblatex)                with 'androidmvvm.2019a':
(biblatex)                - Invalid format of field 'month'.


Package biblatex Warning: BibTeX reported the following issues
(biblatex)                with 'datenmodellierung.2019d':
(biblatex)                - Invalid format of field 'month'.


Package biblatex Warning: BibTeX reported the following issues
(biblatex)                with 'einsatzgebietear.2017a':
(biblatex)                - Invalid format of field 'month'.


Package biblatex Warning: BibTeX reported the following issues
(biblatex)                with 'modularesoftware.2018s':
(biblatex)                - Invalid format of field 'month'.


Package biblatex Warning: BibTeX reported the following issues
(biblatex)                with 'androidjpdescr.2018m':
(biblatex)                - Invalid format of field 'month'.


Package biblatex Warning: BibTeX reported the following issues
(biblatex)                with 'robotik.2020m':
(biblatex)                - Invalid format of field 'month'.


Package biblatex Warning: BibTeX reported the following issues
(biblatex)                with 'robotik2.2020m':
(biblatex)                - Invalid format of field 'month'.

)
Package biblatex Info: Reference section=0 on input line 95.
Package biblatex Info: Reference segment=0 on input line 95.
\c@lstlisting=\count382
<cjtFirmenLogo.png, id=31, 225.84375pt x 225.84375pt>
File: cjtFirmenLogo.png Graphic file (type png)
<use cjtFirmenLogo.png>
Package pdftex.def Info: cjtFirmenLogo.png  used on input line 102.
(pdftex.def)             Requested size: 85.35826pt x 85.35973pt.
<dhbw-logo.png, id=32, 130.086pt x 62.8749pt>
File: dhbw-logo.png Graphic file (type png)
<use dhbw-logo.png>
Package pdftex.def Info: dhbw-logo.png  used on input line 103.
(pdftex.def)             Requested size: 113.81102pt x 55.01154pt.
Package microtype Info: Character `029' is missing
(microtype)             in font `T1/lmr/m/sc/24.88'.
(microtype)             Ignoring protrusion settings for this character.
LaTeX Font Info:    Try loading font information for OT1+lmr on input line 116.
 (/usr/local/texlive/2019/texmf-dist/tex/latex/lm/ot1lmr.fd
File: ot1lmr.fd 2009/10/30 v1.6 Font defs for Latin Modern
)
LaTeX Font Info:    Try loading font information for OML+lmm on input line 116.
 (/usr/local/texlive/2019/texmf-dist/tex/latex/lm/omllmm.fd
File: omllmm.fd 2009/10/30 v1.6 Font defs for Latin Modern
)
LaTeX Font Info:    Try loading font information for OMS+lmsy on input line 116.
 (/usr/local/texlive/2019/texmf-dist/tex/latex/lm/omslmsy.fd
File: omslmsy.fd 2009/10/30 v1.6 Font defs for Latin Modern
)
LaTeX Font Info:    Try loading font information for OMX+lmex on input line 116.
 (/usr/local/texlive/2019/texmf-dist/tex/latex/lm/omxlmex.fd
File: omxlmex.fd 2009/10/30 v1.6 Font defs for Latin Modern
)
LaTeX Font Info:    External font `lmex10' loaded for size
(Font)              <10.95> on input line 116.
LaTeX Font Info:    External font `lmex10' loaded for size
(Font)              <8> on input line 116.
LaTeX Font Info:    External font `lmex10' loaded for size
(Font)              <6> on input line 116.
LaTeX Font Info:    Try loading font information for U+msa on input line 116.
 (/usr/local/texlive/2019/texmf-dist/tex/latex/amsfonts/umsa.fd
File: umsa.fd 2013/01/14 v3.01 AMS symbols A
) (/usr/local/texlive/2019/texmf-dist/tex/latex/microtype/mt-msa.cfg
File: mt-msa.cfg 2006/02/04 v1.1 microtype config. file: AMS symbols (a) (RS)
)
LaTeX Font Info:    Try loading font information for U+msb on input line 116.
 (/usr/local/texlive/2019/texmf-dist/tex/latex/amsfonts/umsb.fd
File: umsb.fd 2013/01/14 v3.01 AMS symbols B
) (/usr/local/texlive/2019/texmf-dist/tex/latex/microtype/mt-msb.cfg
File: mt-msb.cfg 2005/06/01 v1.0 microtype config. file: AMS symbols (b) (RS)
) [1

{/usr/local/texlive/2019/texmf-var/fonts/map/pdftex/updmap/pdftex.map} </Users/mj/BA-Dokumentation/cjtFirmenLogo.png> </Users/mj/BA-Dokumentation/dhbw-logo.png>] (/Users/mj/BA-Dokumentation/erklaerung.tex
Underfull \hbox (badness 1540) in paragraph at lines 21--31
\T1/lmr/m/n/10.95 (+20) Ich ver-sichere hi-er-mit, dass ich meine Bach-e-lo-rar-beit-mit dem Thema: \T1/lmr/m/it/10.95 (+20) ^^P  Konzep-
 []


Underfull \hbox (badness 1990) in paragraph at lines 21--31
\T1/lmr/m/it/10.95 (+20) tion und Um-set-zung eines Aug-mented Re-al-ity basierten As-sis-ten-zsys-tems zur Un-
 []


Underfull \hbox (badness 1400) in paragraph at lines 21--31
\T1/lmr/m/n/10.95 (+20) angegebe-nen Quellen und Hil-f-s-mit-tel be-nutzt habe. Ich ver-sichere zu-dem, dass
 []

)pdfTeX warning (ext4): destination with the same identifier (name{page.1}) has been already used, duplicate ignored
<to be read again> 
                   \relax 
l.133 \begin{abstract}
                       [1]pdfTeX warning (ext4): destination with the same identifier (name{page.1}) has been already used, duplicate ignored
<to be read again> 
                   \relax 
l.145 \end{abstract}
                     [1]pdfTeX warning (ext4): destination with the same identifier (name{page.1}) has been already used, duplicate ignored
<to be read again> 
                   \relax 
l.150 \end{abstract}
                     [1] (/Users/mj/BA-Dokumentation/bericht.toc [1

])
\tf@toc=\write6
\openout6 = `bericht.toc'.

 [2] (/Users/mj/BA-Dokumentation/bericht.lof
Package microtype Info: Character `029' is missing
(microtype)             in font `T1/lmr/m/sc/10.95'.
(microtype)             Ignoring protrusion settings for this character.
)
\tf@lof=\write7
\openout7 = `bericht.lof'.

 [3

] (/Users/mj/BA-Dokumentation/bericht.lot)
\tf@lot=\write8
\openout8 = `bericht.lot'.

 [4

] (/Users/mj/BA-Dokumentation/bericht.lol)
\tf@lol=\write9
\openout9 = `bericht.lol'.

 [5

]
\openout2 = `abk.aux'.

 (/Users/mj/BA-Dokumentation/abk.tex
Package acronym Info: Acronym EKF used in text but not spelled out in full in text on input line 20.
Package acronym Info: Acronym Fraunhofer IOSB used in text but not spelled out in full in text on input line 22.
Package acronym Info: Acronym GPS used in text but not spelled out in full in text on input line 23.
Package acronym Info: Acronym MVVM used in text but not spelled out in full in text on input line 34.
Package acronym Info: Acronym SQL used in text but not spelled out in full in text on input line 37.
) [6


]
\openout2 = `1Einleitung/kapitel1.aux'.

 (/Users/mj/BA-Dokumentation/1Einleitung/kapitel1.tex
Kapitel 1.

Underfull \hbox (badness 10000) in paragraph at lines 15--26

 []


Underfull \hbox (badness 10000) in paragraph at lines 38--59

 []

pdfTeX warning (ext4): destination with the same identifier (name{page.1}) has been already used, duplicate ignored
<to be read again> 
                   \relax 
l.59 \begin{itemize}
                     [1



]
LaTeX Font Info:    Try loading font information for OMS+lmr on input line 60.
 (/usr/local/texlive/2019/texmf-dist/tex/latex/lm/omslmr.fd
File: omslmr.fd 2009/10/30 v1.6 Font defs for Latin Modern
)
LaTeX Font Info:    Font shape `OMS/lmr/m/n' in size <10.95> not available
(Font)              Font shape `OMS/lmsy/m/n' tried instead on input line 60.
Package acronym Info: Label `acro:IoT' newly defined as it shall be overridden
although it is yet undefined on input line 95.

Underfull \hbox (badness 10000) in paragraph at lines 71--111

 []


Underfull \hbox (badness 10000) in paragraph at lines 71--111

 []


Underfull \hbox (badness 10000) in paragraph at lines 71--111

 []

[2] [3]
Package acronym Info: Label `acro:KIT' newly defined as it shall be overridden
although it is yet undefined on input line 122.

Underfull \hbox (badness 10000) in paragraph at lines 113--129

 []


Underfull \hbox (badness 10000) in paragraph at lines 113--129

 []

[4]
Underfull \hbox (badness 10000) in paragraph at lines 132--145

 []

Package acronym Info: Label `acro:SLAM' newly defined as it shall be overridden
although it is yet undefined on input line 165.

Underfull \hbox (badness 10000) in paragraph at lines 150--181

 []


Underfull \hbox (badness 10000) in paragraph at lines 150--181

 []


Underfull \hbox (badness 10000) in paragraph at lines 150--181

 []


Underfull \hbox (badness 10000) in paragraph at lines 150--181

 []

[5]
Underfull \hbox (badness 10000) in paragraph at lines 184--221

 []


Underfull \hbox (badness 10000) in paragraph at lines 184--221

 []


Underfull \hbox (badness 10000) in paragraph at lines 184--221

 []


Underfull \hbox (badness 10000) in paragraph at lines 184--221

 []

[6]
Package acronym Info: Label `acro:API' newly defined as it shall be overridden
although it is yet undefined on input line 250.
)
Underfull \hbox (badness 10000) in paragraph at lines 224--166

 []


Underfull \hbox (badness 10000) in paragraph at lines 224--166

 []


Underfull \hbox (badness 10000) in paragraph at lines 224--166

 []

[7]
\openout2 = `2Grundlagen/kapitel2.aux'.

 (/Users/mj/BA-Dokumentation/2Grundlagen/kapitel2.tex
Kapitel 2.

Underfull \hbox (badness 10000) in paragraph at lines 36--50

 []

[8



]
Package acronym Info: Label `acro:HMD' newly defined as it shall be overridden
although it is yet undefined on input line 62.

Underfull \hbox (badness 10000) in paragraph at lines 56--71

 []


Underfull \hbox (badness 10000) in paragraph at lines 78--110

 []

[9]
Overfull \hbox (2.76698pt too wide) in paragraph at lines 133--148
 [][] 
 []


Underfull \hbox (badness 10000) in paragraph at lines 122--162

 []


Underfull \hbox (badness 10000) in paragraph at lines 122--162

 []

[10] [11pdfTeX warning (ext4): destination with the same identifier (name{table.2.1}) has been already used, duplicate ignored

\AtBegShi@Output ...ipout \box \AtBeginShipoutBox 
                                                  \fi \fi 
l.173 
      ]
Package acronym Info: Label `acro:AR' newly defined as it shall be overridden
although it is yet undefined on input line 175.
Package acronym Info: Label `acro:VR' newly defined as it shall be overridden
although it is yet undefined on input line 175.
Package acronym Info: Label `acro:MR' newly defined as it shall be overridden
although it is yet undefined on input line 188.
Package acronym Info: Label `acro:WMR' newly defined as it shall be overridden
although it is yet undefined on input line 206.

Underfull \hbox (badness 10000) in paragraph at lines 198--209

 []

[12]
<2Grundlagen/Bilder/snapchatAR.jpeg, id=531, 873.2625pt x 1358.07375pt>
File: 2Grundlagen/Bilder/snapchatAR.jpeg Graphic file (type jpg)
<use 2Grundlagen/Bilder/snapchatAR.jpeg>
Package pdftex.def Info: 2Grundlagen/Bilder/snapchatAR.jpeg  used on input line 238.
(pdftex.def)             Requested size: 91.4754pt x 142.26003pt.

Underfull \hbox (badness 10000) in paragraph at lines 219--243

 []


Underfull \hbox (badness 10000) in paragraph at lines 219--243

 []

[13pdfTeX warning (ext4): destination with the same identifier (name{figure.2.1}) has been already used, duplicate ignored

\AtBegShi@Output ...ipout \box \AtBeginShipoutBox 
                                                  \fi \fi 
l.243 \subsection
                 *{Smart-Brillen AR} </Users/mj/BA-Dokumentation/2Grundlagen/Bilder/snapchatAR.jpeg>]
<2Grundlagen/Bilder/smartglassAW.png, id=539, 607.77063pt x 612.78937pt>
File: 2Grundlagen/Bilder/smartglassAW.png Graphic file (type png)
<use 2Grundlagen/Bilder/smartglassAW.png>
Package pdftex.def Info: 2Grundlagen/Bilder/smartglassAW.png  used on input line 258.
(pdftex.def)             Requested size: 211.64714pt x 213.39484pt.
<2Grundlagen/Bilder/googleglass.png, id=543, 635.37375pt x 315.67938pt>
File: 2Grundlagen/Bilder/googleglass.png Graphic file (type png)
<use 2Grundlagen/Bilder/googleglass.png>
Package pdftex.def Info: 2Grundlagen/Bilder/googleglass.png  used on input line 273.
(pdftex.def)             Requested size: 213.39687pt x 106.02419pt.
<2Grundlagen/Bilder/hololensside.png, id=544, 780.9175pt x 486.31688pt>
File: 2Grundlagen/Bilder/hololensside.png Graphic file (type png)
<use 2Grundlagen/Bilder/hololensside.png>
Package pdftex.def Info: 2Grundlagen/Bilder/hololensside.png  used on input line 274.
(pdftex.def)             Requested size: 213.38861pt x 132.8879pt.

Underfull \hbox (badness 10000) in paragraph at lines 244--282

 []


Underfull \hbox (badness 10000) in paragraph at lines 244--282

 []


Underfull \hbox (badness 10000) in paragraph at lines 244--282

 []


Underfull \hbox (badness 10000) in paragraph at lines 244--282

 []

[14pdfTeX warning (ext4): destination with the same identifier (name{figure.2.2}) has been already used, duplicate ignored

\AtBegShi@Output ...ipout \box \AtBeginShipoutBox 
                                                  \fi \fi 
l.282 \subsection
                 {Positionsbestimmung} </Users/mj/BA-Dokumentation/2Grundlagen/Bilder/smartglassAW.png>]
<2Grundlagen/Bilder/bildmarkerAR.png, id=557, 297.11pt x 296.10625pt>
File: 2Grundlagen/Bilder/bildmarkerAR.png Graphic file (type png)
<use 2Grundlagen/Bilder/bildmarkerAR.png>
Package pdftex.def Info: 2Grundlagen/Bilder/bildmarkerAR.png  used on input line 298.
(pdftex.def)             Requested size: 142.27116pt x 141.79051pt.

Underfull \hbox (badness 10000) in paragraph at lines 292--319

 []

[15pdfTeX warning (ext4): destination with the same identifier (name{figure.2.3}) has been already used, duplicate ignored

\AtBegShi@Output ...ipout \box \AtBeginShipoutBox 
                                                  \fi \fi 
l.319 \subsubsection
                    *{\acs{GPS}-basierte Positionsbestimmung} </Users/mj/BA-Dokumentation/2Grundlagen/Bilder/googleglass.png> </Users/mj/BA-Dokumentation/2Grundlagen/Bilder/hololensside.png>]
Package acronym Info: Label `acro:INS' newly defined as it shall be overridden
although it is yet undefined on input line 322.

Underfull \hbox (badness 10000) in paragraph at lines 320--337

 []

)
Underfull \hbox (badness 10000) in paragraph at lines 339--167

 []

[16pdfTeX warning (ext4): destination with the same identifier (name{figure.2.4}) has been already used, duplicate ignored

\AtBegShi@Output ...ipout \box \AtBeginShipoutBox 
                                                  \fi \fi 
l.167 \include{2Grundlagen/kapitel2}
                                     </Users/mj/BA-Dokumentation/2Grundlagen/Bilder/bildmarkerAR.png>] [17]
\openout2 = `2Grundlagen/kapitel2A.aux'.

 (/Users/mj/BA-Dokumentation/2Grundlagen/kapitel2A.tex
LaTeX Font Info:    External font `lmex10' loaded for size
(Font)              <9> on input line 3.
LaTeX Font Info:    External font `lmex10' loaded for size
(Font)              <5> on input line 3.

Underfull \hbox (badness 10000) in paragraph at lines 20--44

 []


Underfull \hbox (badness 10000) in paragraph at lines 20--44

 []

[18


]
Package microtype Info: Character `029' is missing
(microtype)             in font `T1/lmr/m/sc/9'.
(microtype)             Ignoring protrusion settings for this character.
Package acronym Info: Label `acro:TOF' newly defined as it shall be overridden
although it is yet undefined on input line 72.
 [19]
<2Grundlagen/Bilder/tof_kamera.png, id=630, 624.3325pt x 284.56313pt>
File: 2Grundlagen/Bilder/tof_kamera.png Graphic file (type png)
<use 2Grundlagen/Bilder/tof_kamera.png>
Package pdftex.def Info: 2Grundlagen/Bilder/tof_kamera.png  used on input line 83.
(pdftex.def)             Requested size: 369.89629pt x 168.5942pt.
<2Grundlagen/Bilder/graph_SLAM.png, id=636, 603.25375pt x 429.605pt>
File: 2Grundlagen/Bilder/graph_SLAM.png Graphic file (type png)
<use 2Grundlagen/Bilder/graph_SLAM.png>
Package pdftex.def Info: 2Grundlagen/Bilder/graph_SLAM.png  used on input line 101.
(pdftex.def)             Requested size: 284.52342pt x 202.62233pt.
Package acronym Info: Label `acro:ICP' newly defined as it shall be overridden
although it is yet undefined on input line 110.
 [20pdfTeX warning (ext4): destination with the same identifier (name{figure.2.5}) has been already used, duplicate ignored

\AtBegShi@Output ...ipout \box \AtBeginShipoutBox 
                                                  \fi \fi 
l.117 
       </Users/mj/BA-Dokumentation/2Grundlagen/Bilder/tof_kamera.png>] [21pdfTeX warning (ext4): destination with the same identifier (name{figure.2.6}) has been already used, duplicate ignored

\AtBegShi@Output ...ipout \box \AtBeginShipoutBox 
                                                  \fi \fi 
l.128 
       </Users/mj/BA-Dokumentation/2Grundlagen/Bilder/graph_SLAM.png>]
Underfull \hbox (badness 10000) in paragraph at lines 131--138

 []

) [22pdfTeX warning (ext4): destination with the same identifier (name{equation.2.3.3}) has been already used, duplicate ignored

\AtBegShi@Output ...ipout \box \AtBeginShipoutBox 
                                                  \fi \fi 
l.168 \include{2Grundlagen/kapitel2A}
                                     pdfTeX warning (ext4): destination with the same identifier (name{equation.2.3.4}) has been already used, duplicate ignored

\AtBegShi@Output ...ipout \box \AtBeginShipoutBox 
                                                  \fi \fi 
l.168 \include{2Grundlagen/kapitel2A}
                                     ]
\openout2 = `2Grundlagen/kapitel2Aa.aux'.

 (/Users/mj/BA-Dokumentation/2Grundlagen/kapitel2Aa.tex
Package acronym Info: Label `acro:SDK' newly defined as it shall be overridden
although it is yet undefined on input line 11.

Underfull \hbox (badness 10000) in paragraph at lines 10--27

 []


Underfull \hbox (badness 10000) in paragraph at lines 10--27

 []

Package acronym Info: Label `acro:IMU' newly defined as it shall be overridden
although it is yet undefined on input line 37.
<2Grundlagen/Bilder/motionTracking.png, id=680, 851.18pt x 358.84062pt>
File: 2Grundlagen/Bilder/motionTracking.png Graphic file (type png)
<use 2Grundlagen/Bilder/motionTracking.png>
Package pdftex.def Info: 2Grundlagen/Bilder/motionTracking.png  used on input line 41.
(pdftex.def)             Requested size: 337.45276pt x 142.2634pt.
Package acronym Info: Label `acro:MEMS' newly defined as it shall be overridden
although it is yet undefined on input line 46.
[23


]
<2Grundlagen/Bilder/imu-Bsp.png, id=693, 711.15688pt x 534.49687pt>
File: 2Grundlagen/Bilder/imu-Bsp.png Graphic file (type png)
<use 2Grundlagen/Bilder/imu-Bsp.png>
Package pdftex.def Info: 2Grundlagen/Bilder/imu-Bsp.png  used on input line 59.
(pdftex.def)             Requested size: 256.08139pt x 192.46765pt.
 [24pdfTeX warning (ext4): destination with the same identifier (name{figure.2.7}) has been already used, duplicate ignored

\AtBegShi@Output ...ipout \box \AtBeginShipoutBox 
                                                  \fi \fi 
l.64 \subsubsection
                   *{Environmental understanding}pdfTeX warning (ext4): destination with the same identifier (name{figure.2.8}) has been already used, duplicate ignored

\AtBegShi@Output ...ipout \box \AtBeginShipoutBox 
                                                  \fi \fi 
l.64 \subsubsection
                   *{Environmental understanding} </Users/mj/BA-Dokumentation/2Grundlagen/Bilder/motionTracking.png> </Users/mj/BA-Dokumentation/2Grundlagen/Bilder/imu-Bsp.png>]
<2Grundlagen/Bilder/environmentalUnderst.png, id=703, 846.16125pt x 352.81813pt>
File: 2Grundlagen/Bilder/environmentalUnderst.png Graphic file (type png)
<use 2Grundlagen/Bilder/environmentalUnderst.png>
Package pdftex.def Info: 2Grundlagen/Bilder/environmentalUnderst.png  used on input line 71.
(pdftex.def)             Requested size: 341.1828pt x 142.26068pt.
<2Grundlagen/Bilder/lightEstim.png, id=706, 849.1725pt x 357.335pt>
File: 2Grundlagen/Bilder/lightEstim.png Graphic file (type png)
<use 2Grundlagen/Bilder/lightEstim.png>
Package pdftex.def Info: 2Grundlagen/Bilder/lightEstim.png  used on input line 82.
(pdftex.def)             Requested size: 338.06923pt x 142.2608pt.
<2Grundlagen/Bilder/androidjetpackcomps.png, id=717, 589.70313pt x 297.11pt>
File: 2Grundlagen/Bilder/androidjetpackcomps.png Graphic file (type png)
<use 2Grundlagen/Bilder/androidjetpackcomps.png>
Package pdftex.def Info: 2Grundlagen/Bilder/androidjetpackcomps.png  used on input line 105.
(pdftex.def)             Requested size: 426.79945pt x 215.03427pt.

Underfull \hbox (badness 10000) in paragraph at lines 88--116

 []


Underfull \hbox (badness 10000) in paragraph at lines 88--116

 []

[25pdfTeX warning (ext4): destination with the same identifier (name{figure.2.9}) has been already used, duplicate ignored

\AtBegShi@Output ...ipout \box \AtBeginShipoutBox 
                                                  \fi \fi 
l.116 
      pdfTeX warning (ext4): destination with the same identifier (name{figure.2.10}) has been already used, duplicate ignored

\AtBegShi@Output ...ipout \box \AtBeginShipoutBox 
                                                  \fi \fi 
l.116 
       </Users/mj/BA-Dokumentation/2Grundlagen/Bilder/environmentalUnderst.png> </Users/mj/BA-Dokumentation/2Grundlagen/Bilder/lightEstim.png>]
Underfull \hbox (badness 10000) in paragraph at lines 119--128

 []

[26pdfTeX warning (ext4): destination with the same identifier (name{figure.2.11}) has been already used, duplicate ignored

\AtBegShi@Output ...ipout \box \AtBeginShipoutBox 
                                                  \fi \fi 
l.128 \subsection
                 *{Room} </Users/mj/BA-Dokumentation/2Grundlagen/Bilder/androidjetpackcomps.png>]
Underfull \hbox (badness 10000) in paragraph at lines 130--137

 []

<2Grundlagen/Bilder/roomArchitecture.png, id=745, 595.22375pt x 539.51563pt>
File: 2Grundlagen/Bilder/roomArchitecture.png Graphic file (type png)
<use 2Grundlagen/Bilder/roomArchitecture.png>
Package pdftex.def Info: 2Grundlagen/Bilder/roomArchitecture.png  used on input line 145.
(pdftex.def)             Requested size: 213.39032pt x 193.4187pt.
[27]
Package acronym Info: Label `acro:UI' newly defined as it shall be overridden
although it is yet undefined on input line 163.
<2Grundlagen/Bilder/viewModelDiagram.png, id=761, 482.30188pt x 302.12875pt>
File: 2Grundlagen/Bilder/viewModelDiagram.png Graphic file (type png)
<use 2Grundlagen/Bilder/viewModelDiagram.png>
Package pdftex.def Info: 2Grundlagen/Bilder/viewModelDiagram.png  used on input line 170.
(pdftex.def)             Requested size: 213.39098pt x 133.67467pt.

Underfull \hbox (badness 10000) in paragraph at lines 156--175

 []


Underfull \hbox (badness 10000) in paragraph at lines 156--175

 []

[28pdfTeX warning (ext4): destination with the same identifier (name{figure.2.12}) has been already used, duplicate ignored

\AtBegShi@Output ...ipout \box \AtBeginShipoutBox 
                                                  \fi \fi 
l.175 \subsection
                 {Sceneform SDK} </Users/mj/BA-Dokumentation/2Grundlagen/Bilder/roomArchitecture.png>]
Underfull \hbox (badness 10000) in paragraph at lines 176--195

 []


Underfull \hbox (badness 10000) in paragraph at lines 176--195

 []

) [29pdfTeX warning (ext4): destination with the same identifier (name{figure.2.13}) has been already used, duplicate ignored

\AtBegShi@Output ...ipout \box \AtBeginShipoutBox 
                                                  \fi \fi 
l.169 \include{2Grundlagen/kapitel2Aa}
                                       </Users/mj/BA-Dokumentation/2Grundlagen/Bilder/viewModelDiagram.png>]
\openout2 = `2GrundlagenX/kapitel2X.aux'.

 (/Users/mj/BA-Dokumentation/2GrundlagenX/kapitel2X.tex
Underfull \hbox (badness 10000) in paragraph at lines 15--23

 []

<2GrundlagenX/Bilder/MVCArchitecture.png, id=792, 630.355pt x 355.3275pt>
File: 2GrundlagenX/Bilder/MVCArchitecture.png Graphic file (type png)
<use 2GrundlagenX/Bilder/MVCArchitecture.png>
Package pdftex.def Info: 2GrundlagenX/Bilder/MVCArchitecture.png  used on input line 43.
(pdftex.def)             Requested size: 378.5718pt x 213.39874pt.
Package acronym Info: Label `acro:MVC' newly defined as it shall be overridden
although it is yet undefined on input line 48.

Underfull \hbox (badness 10000) in paragraph at lines 27--63

 []


Underfull \hbox (badness 10000) in paragraph at lines 27--63

 []


Underfull \hbox (badness 10000) in paragraph at lines 27--63

 []

[30


]
<2GrundlagenX/Bilder/mvvmDiagramm.png, id=811, 460.21938pt x 320.19624pt>
File: 2GrundlagenX/Bilder/mvvmDiagramm.png Graphic file (type png)
<use 2GrundlagenX/Bilder/mvvmDiagramm.png>
Package pdftex.def Info: 2GrundlagenX/Bilder/mvvmDiagramm.png  used on input line 109.
(pdftex.def)             Requested size: 306.71619pt x 213.39685pt.

Underfull \hbox (badness 10000) in paragraph at lines 89--129

 []


Underfull \hbox (badness 10000) in paragraph at lines 89--129

 []


Underfull \hbox (badness 10000) in paragraph at lines 89--129

 []


Underfull \hbox (badness 10000) in paragraph at lines 89--129

 []

[31pdfTeX warning (ext4): destination with the same identifier (name{figure.2.14}) has been already used, duplicate ignored

\AtBegShi@Output ...ipout \box \AtBeginShipoutBox 
                                                  \fi \fi 
l.129 \begin{itemize}
                      </Users/mj/BA-Dokumentation/2GrundlagenX/Bilder/MVCArchitecture.png>] [32pdfTeX warning (ext4): destination with the same identifier (name{figure.2.15}) has been already used, duplicate ignored

\AtBegShi@Output ...ipout \box \AtBeginShipoutBox 
                                                  \fi \fi 
l.129 \begin{itemize}
                      </Users/mj/BA-Dokumentation/2GrundlagenX/Bilder/mvvmDiagramm.png>]
<2GrundlagenX/Bilder/infoflussMVVM.png, id=829, 647.41875pt x 126.97438pt>
File: 2GrundlagenX/Bilder/infoflussMVVM.png Graphic file (type png)
<use 2GrundlagenX/Bilder/infoflussMVVM.png>
Package pdftex.def Info: 2GrundlagenX/Bilder/infoflussMVVM.png  used on input line 141.
(pdftex.def)             Requested size: 426.79387pt x 83.70453pt.

Underfull \hbox (badness 10000) in paragraph at lines 134--148

 []

<2GrundlagenX/Bilder/activityComp.png, id=834, 201.25188pt x 78.79437pt>
File: 2GrundlagenX/Bilder/activityComp.png Graphic file (type png)
<use 2GrundlagenX/Bilder/activityComp.png>
Package pdftex.def Info: 2GrundlagenX/Bilder/activityComp.png  used on input line 164.
(pdftex.def)             Requested size: 142.26337pt x 55.69911pt.
<2GrundlagenX/Bilder/viewModelComp.png, id=837, 288.57813pt x 90.3375pt>
File: 2GrundlagenX/Bilder/viewModelComp.png Graphic file (type png)
<use 2GrundlagenX/Bilder/viewModelComp.png>
Package pdftex.def Info: 2GrundlagenX/Bilder/viewModelComp.png  used on input line 173.
(pdftex.def)             Requested size: 142.26756pt x 44.53592pt.
<2GrundlagenX/Bilder/repoComp.png, id=842, 231.86626pt x 60.225pt>
File: 2GrundlagenX/Bilder/repoComp.png Graphic file (type png)
<use 2GrundlagenX/Bilder/repoComp.png>
Package pdftex.def Info: 2GrundlagenX/Bilder/repoComp.png  used on input line 185.
(pdftex.def)             Requested size: 142.26608pt x 36.95221pt.
<2GrundlagenX/Bilder/roomComp.png, id=845, 239.39438pt x 214.30063pt>
File: 2GrundlagenX/Bilder/roomComp.png Graphic file (type png)
<use 2GrundlagenX/Bilder/roomComp.png>
Package pdftex.def Info: 2GrundlagenX/Bilder/roomComp.png  used on input line 197.
(pdftex.def)             Requested size: 142.26425pt x 127.35185pt.
<2GrundlagenX/Bilder/aac.png, id=850, 660.96938pt x 588.69937pt>
File: 2GrundlagenX/Bilder/aac.png Graphic file (type png)
<use 2GrundlagenX/Bilder/aac.png>
Package pdftex.def Info: 2GrundlagenX/Bilder/aac.png  used on input line 213.
(pdftex.def)             Requested size: 319.46034pt x 284.53073pt.

Underfull \hbox (badness 10000) in paragraph at lines 150--225

 []


Underfull \hbox (badness 10000) in paragraph at lines 150--225

 []


Underfull \hbox (badness 10000) in paragraph at lines 150--225

 []

[33pdfTeX warning (ext4): destination with the same identifier (name{figure.2.16}) has been already used, duplicate ignored

\AtBegShi@Output ...ipout \box \AtBeginShipoutBox 
                                                  \fi \fi 
l.225 
       </Users/mj/BA-Dokumentation/2GrundlagenX/Bilder/infoflussMVVM.png>] [34pdfTeX warning (ext4): destination with the same identifier (name{figure.2.17}) has been already used, duplicate ignored

\AtBegShi@Output ...ipout \box \AtBeginShipoutBox 
                                                  \fi \fi 
l.225 
      pdfTeX warning (ext4): destination with the same identifier (name{figure.2.18}) has been already used, duplicate ignored

\AtBegShi@Output ...ipout \box \AtBeginShipoutBox 
                                                  \fi \fi 
l.225 
      pdfTeX warning (ext4): destination with the same identifier (name{figure.2.19}) has been already used, duplicate ignored

\AtBegShi@Output ...ipout \box \AtBeginShipoutBox 
                                                  \fi \fi 
l.225 
       </Users/mj/BA-Dokumentation/2GrundlagenX/Bilder/activityComp.png> </Users/mj/BA-Dokumentation/2GrundlagenX/Bilder/viewModelComp.png> </Users/mj/BA-Dokumentation/2GrundlagenX/Bilder/repoComp.png>] [35pdfTeX warning (ext4): destination with the same identifier (name{figure.2.20}) has been already used, duplicate ignored

\AtBegShi@Output ...ipout \box \AtBeginShipoutBox 
                                                  \fi \fi 
l.225 
      pdfTeX warning (ext4): destination with the same identifier (name{figure.2.21}) has been already used, duplicate ignored

\AtBegShi@Output ...ipout \box \AtBeginShipoutBox 
                                                  \fi \fi 
l.225 
       </Users/mj/BA-Dokumentation/2GrundlagenX/Bilder/roomComp.png> </Users/mj/BA-Dokumentation/2GrundlagenX/Bilder/aac.png>]
Underfull \hbox (badness 10000) in paragraph at lines 228--245

 []


Underfull \hbox (badness 10000) in paragraph at lines 228--245

 []

[36]
Package acronym Info: Label `acro:ERM' newly defined as it shall be overridden
although it is yet undefined on input line 248.
Package acronym Info: Label `acro:DBMS' newly defined as it shall be overridden
although it is yet undefined on input line 251.

Underfull \hbox (badness 10000) in paragraph at lines 258--267

 []

) [37]
\openout2 = `3Konzeption/kapitel3.aux'.

 (/Users/mj/BA-Dokumentation/3Konzeption/kapitel3.tex
Kapitel 3.

Underfull \hbox (badness 10000) in paragraph at lines 22--34

 []

[38



]
Underfull \hbox (badness 10000) in paragraph at lines 37--70

 []


Underfull \hbox (badness 10000) in paragraph at lines 37--70

 []


Underfull \hbox (badness 10000) in paragraph at lines 73--93

 []


Underfull \hbox (badness 10000) in paragraph at lines 73--93

 []

[39]
<3Konzeption/Bilder/architektur_konzept.png, id=917, 470.50781pt x 416.30531pt>
File: 3Konzeption/Bilder/architektur_konzept.png Graphic file (type png)
<use 3Konzeption/Bilder/architektur_konzept.png>
Package pdftex.def Info: 3Konzeption/Bilder/architektur_konzept.png  used on input line 137.
(pdftex.def)             Requested size: 369.8879pt x 327.27681pt.

Underfull \hbox (badness 10000) in paragraph at lines 96--142

 []


Underfull \hbox (badness 10000) in paragraph at lines 96--142

 []

[40] [41]
Underfull \hbox (badness 10000) in paragraph at lines 144--153

 []


Underfull \hbox (badness 10000) in paragraph at lines 154--179

 []

[42pdfTeX warning (ext4): destination with the same identifier (name{figure.3.1}) has been already used, duplicate ignored

\AtBegShi@Output ...ipout \box \AtBeginShipoutBox 
                                                  \fi \fi 
l.179 \subsection
                 *{Visualisierungs-Phase} </Users/mj/BA-Dokumentation/3Konzeption/Bilder/architektur_konzept.png>]
<3Konzeption/Bilder/Anwendungsfalldiagramm.png, id=944, 554.07pt x 340.27126pt>
File: 3Konzeption/Bilder/Anwendungsfalldiagramm.png Graphic file (type png)
<use 3Konzeption/Bilder/Anwendungsfalldiagramm.png>
Package pdftex.def Info: 3Konzeption/Bilder/Anwendungsfalldiagramm.png  used on input line 205.
(pdftex.def)             Requested size: 369.88918pt x 227.16019pt.

Underfull \hbox (badness 10000) in paragraph at lines 180--212

 []

[43] [44pdfTeX warning (ext4): destination with the same identifier (name{figure.3.2}) has been already used, duplicate ignored

\AtBegShi@Output ...ipout \box \AtBeginShipoutBox 
                                                  \fi \fi 
l.219 \begin{enumerate}
                        </Users/mj/BA-Dokumentation/3Konzeption/Bilder/Anwendungsfalldiagramm.png (PNG copy)>]
Underfull \hbox (badness 10000) in paragraph at lines 252--263

 []

[45]
<3Konzeption/Bilder/ERM_BA.png, id=978, 661.47125pt x 447.6725pt>
File: 3Konzeption/Bilder/ERM_BA.png Graphic file (type png)
<use 3Konzeption/Bilder/ERM_BA.png>
Package pdftex.def Info: 3Konzeption/Bilder/ERM_BA.png  used on input line 286.
(pdftex.def)             Requested size: 426.78195pt x 288.83876pt.
)
Underfull \hbox (badness 10000) in paragraph at lines 266--171

 []


Underfull \hbox (badness 10000) in paragraph at lines 266--171

 []

[46] [47pdfTeX warning (ext4): destination with the same identifier (name{figure.3.3}) has been already used, duplicate ignored

\AtBegShi@Output ...ipout \box \AtBeginShipoutBox 
                                                  \fi \fi 
l.171 \include{3Konzeption/kapitel3}
                                     </Users/mj/BA-Dokumentation/3Konzeption/Bilder/ERM_BA.png (PNG copy)>]
\openout2 = `4Umsetzung/kapitel4.aux'.

 (/Users/mj/BA-Dokumentation/4Umsetzung/kapitel4.tex
Kapitel 4.
Package acronym Info: Label `acro:IDE' newly defined as it shall be overridden
although it is yet undefined on input line 35.

Underfull \hbox (badness 10000) in paragraph at lines 18--50

 []


Underfull \hbox (badness 10000) in paragraph at lines 18--50

 []

[48



]
<4Umsetzung/Bilder/camera_permission.jpg, id=997, 1084.05pt x 2131.965pt>
File: 4Umsetzung/Bilder/camera_permission.jpg Graphic file (type jpg)
<use 4Umsetzung/Bilder/camera_permission.jpg>
Package pdftex.def Info: 4Umsetzung/Bilder/camera_permission.jpg  used on input line 57.
(pdftex.def)             Requested size: 108.49405pt x 213.37164pt.
<4Umsetzung/Bilder/startmenu.jpg, id=998, 1083.04625pt x 1840.8775pt>
File: 4Umsetzung/Bilder/startmenu.jpg Graphic file (type jpg)
<use 4Umsetzung/Bilder/startmenu.jpg>
Package pdftex.def Info: 4Umsetzung/Bilder/startmenu.jpg  used on input line 63.
(pdftex.def)             Requested size: 125.54752pt x 213.39587pt.
<4Umsetzung/Bilder/image_tracking.jpg, id=999, 1084.05pt x 2264.46pt>
File: 4Umsetzung/Bilder/image_tracking.jpg Graphic file (type jpg)
<use 4Umsetzung/Bilder/image_tracking.jpg>
Package pdftex.def Info: 4Umsetzung/Bilder/image_tracking.jpg  used on input line 73.
(pdftex.def)             Requested size: 102.14221pt x 213.36374pt.
<4Umsetzung/Bilder/scan-phase.jpg, id=1000, 1084.05pt x 2267.47125pt>
File: 4Umsetzung/Bilder/scan-phase.jpg Graphic file (type jpg)
<use 4Umsetzung/Bilder/scan-phase.jpg>
Package pdftex.def Info: 4Umsetzung/Bilder/scan-phase.jpg  used on input line 79.
(pdftex.def)             Requested size: 102.00989pt x 213.37068pt.
<4Umsetzung/Bilder/cjt_logo_tracking.png, id=1001, 370.38374pt x 261.97874pt>
File: 4Umsetzung/Bilder/cjt_logo_tracking.png Graphic file (type png)
<use 4Umsetzung/Bilder/cjt_logo_tracking.png>
Package pdftex.def Info: 4Umsetzung/Bilder/cjt_logo_tracking.png  used on input line 86.
(pdftex.def)             Requested size: 142.2619pt x 100.62427pt.
<4Umsetzung/Bilder/visual-phase.jpg, id=1002, 1084.05pt x 2264.46pt>
File: 4Umsetzung/Bilder/visual-phase.jpg Graphic file (type jpg)
<use 4Umsetzung/Bilder/visual-phase.jpg>
Package pdftex.def Info: 4Umsetzung/Bilder/visual-phase.jpg  used on input line 95.
(pdftex.def)             Requested size: 102.14221pt x 213.36374pt.
 [49pdfTeX warning (ext4): destination with the same identifier (name{figure.4.1}) has been already used, duplicate ignored

\AtBegShi@Output ...ipout \box \AtBeginShipoutBox 
                                                  \fi \fi 
l.98 \end{figure}
                  </Users/mj/BA-Dokumentation/4Umsetzung/Bilder/camera_permission.jpg>])
Overfull \vbox (42.45676pt too high) has occurred while \output is active []

 [50pdfTeX warning (ext4): destination with the same identifier (name{figure.4.2}) has been already used, duplicate ignored

\AtBegShi@Output ...ipout \box \AtBeginShipoutBox 
                                                  \fi \fi 
l.172 \include{4Umsetzung/kapitel4}
                                   pdfTeX warning (ext4): destination with the same identifier (name{figure.4.3}) has been already used, duplicate ignored

\AtBegShi@Output ...ipout \box \AtBeginShipoutBox 
                                                  \fi \fi 
l.172 \include{4Umsetzung/kapitel4}
                                    </Users/mj/BA-Dokumentation/4Umsetzung/Bilder/startmenu.jpg> </Users/mj/BA-Dokumentation/4Umsetzung/Bilder/image_tracking.jpg>] [51pdfTeX warning (ext4): destination with the same identifier (name{figure.4.4}) has been already used, duplicate ignored

\AtBegShi@Output ...ipout \box \AtBeginShipoutBox 
                                                  \fi \fi 
l.172 \include{4Umsetzung/kapitel4}
                                   pdfTeX warning (ext4): destination with the same identifier (name{figure.4.5}) has been already used, duplicate ignored

\AtBegShi@Output ...ipout \box \AtBeginShipoutBox 
                                                  \fi \fi 
l.172 \include{4Umsetzung/kapitel4}
                                   pdfTeX warning (ext4): destination with the same identifier (name{figure.4.6}) has been already used, duplicate ignored

\AtBegShi@Output ...ipout \box \AtBeginShipoutBox 
                                                  \fi \fi 
l.172 \include{4Umsetzung/kapitel4}
                                    </Users/mj/BA-Dokumentation/4Umsetzung/Bilder/scan-phase.jpg> </Users/mj/BA-Dokumentation/4Umsetzung/Bilder/cjt_logo_tracking.png> </Users/mj/BA-Dokumentation/4Umsetzung/Bilder/visual-phase.jpg>]
\openout2 = `5Fazit/fazit.aux'.

 (/Users/mj/BA-Dokumentation/5Fazit/fazit.tex
Kapitel 5.
[52



]
Kapitel 6.
[53

]
Kapitel 7.
) [54

] (/Users/mj/BA-Dokumentation/bericht.ind)
LaTeX Font Info:    Try loading font information for T1+lmtt on input line 201.
 (/usr/local/texlive/2019/texmf-dist/tex/latex/lm/t1lmtt.fd
File: t1lmtt.fd 2009/10/30 v1.6 Font defs for Latin Modern
)
Package microtype Info: Loading generic protrusion settings for font family
(microtype)             `lmtt' (encoding: T1).
(microtype)             For optimal results, create family-specific settings.
(microtype)             See the microtype manual for details.
 [55


]
Overfull \hbox (19.14507pt too wide) in paragraph at lines 204--204
[][]\T1/lmr/m/sc/10.95 (-20) Elgan\T1/lmr/m/n/10.95 (-20) , Mi-ke [2016]. \T1/lmr/m/it/10.95 (-20) How Goo-gle's Pro-ject Tan-go will change your li-fe\T1/lmr/m/n/10.95 (-20) . []$\T1/lmtt/m/n/10.95 https : / / www . computerworld .
 []

[56]
Overfull \hbox (96.92467pt too wide) in paragraph at lines 204--204
[][]\T1/lmr/m/sc/10.95 (-20) Quervel\T1/lmr/m/n/10.95 (-20) , C-li-ne [2020]. \T1/lmr/m/it/10.95 (-20) Aug-men-ted Rea-li-ty (AR): De-fi-ni-ti-on, Tech-nik & Po-ten-zi-al\T1/lmr/m/n/10.95 (-20) . []$\T1/lmtt/m/n/10.95 =$[]\T1/lmr/m/n/10.95 (-20) https://worldofvr.net/augmented-
 []


Overfull \hbox (16.44861pt too wide) in paragraph at lines 204--204
[][]\T1/lmr/m/sc/10.95 (-20) Roeing\T1/lmr/m/n/10.95 (-20) , Frank [2019]. \T1/lmr/m/it/10.95 (-20) Da-ten-mo-del-lie-rung\T1/lmr/m/n/10.95 (-20) . []$\T1/lmtt/m/n/10.95 https : / / de . wikipedia . org / wiki / Datenmodellierung$[]
 []

[57] [58]
Package atveryend Info: Empty hook `BeforeClearDocument' on input line 211.
Package atveryend Info: Empty hook `AfterLastShipout' on input line 211.
 (/Users/mj/BA-Dokumentation/bericht.aux (/Users/mj/BA-Dokumentation/abk.aux) (/Users/mj/BA-Dokumentation/1Einleitung/kapitel1.aux) (/Users/mj/BA-Dokumentation/2Grundlagen/kapitel2.aux) (/Users/mj/BA-Dokumentation/2Grundlagen/kapitel2A.aux) (/Users/mj/BA-Dokumentation/2Grundlagen/kapitel2Aa.aux) (/Users/mj/BA-Dokumentation/2GrundlagenX/kapitel2X.aux) (/Users/mj/BA-Dokumentation/3Konzeption/kapitel3.aux) (/Users/mj/BA-Dokumentation/4Umsetzung/kapitel4.aux) (/Users/mj/BA-Dokumentation/5Fazit/fazit.aux))
Package atveryend Info: Executing hook `AtVeryEndDocument' on input line 211.
Package atveryend Info: Empty hook `AtEndAfterFileList' on input line 211.
Package logreq Info: Writing requests to 'bericht.run.xml'.
\openout1 = `bericht.run.xml'.

 ) 
Here is how much of TeX's memory you used:
 31415 strings out of 492616
 575918 string characters out of 6129481
 1077879 words of memory out of 5000000
 34085 multiletter control sequences out of 15000+600000
 104514 words of font info for 178 fonts, out of 8000000 for 9000
 1143 hyphenation exceptions out of 8191
 69i,13n,83p,1179b,3462s stack positions out of 5000i,500n,10000p,200000b,80000s
{/usr/local/texlive/2019/texmf-dist/fonts/enc/dvips/lm/lm-ec.enc}{/usr/local/texlive/2019/texmf-dist/fonts/enc/dvips/lm/lm-rm.enc}{/usr/local/texlive/2019/texmf-dist/fonts/enc/dvips/lm/lm-mathit.enc}{/usr/local/texlive/2019/texmf-dist/fonts/enc/dvips/lm/lm-mathsy.enc}</usr/local/texlive/2019/texmf-dist/fonts/type1/public/lm/lmbx10.pfb></usr/local/texlive/2019/texmf-dist/fonts/type1/public/lm/lmbx12.pfb></usr/local/texlive/2019/texmf-dist/fonts/type1/public/lm/lmcsc10.pfb></usr/local/texlive/2019/texmf-dist/fonts/type1/public/lm/lmmi10.pfb></usr/local/texlive/2019/texmf-dist/fonts/type1/public/lm/lmmi8.pfb></usr/local/texlive/2019/texmf-dist/fonts/type1/public/lm/lmr10.pfb></usr/local/texlive/2019/texmf-dist/fonts/type1/public/lm/lmr12.pfb></usr/local/texlive/2019/texmf-dist/fonts/type1/public/lm/lmr17.pfb></usr/local/texlive/2019/texmf-dist/fonts/type1/public/lm/lmr6.pfb></usr/local/texlive/2019/texmf-dist/fonts/type1/public/lm/lmr8.pfb></usr/local/texlive/2019/texmf-dist/fonts/type1/public/lm/lmr9.pfb></usr/local/texlive/2019/texmf-dist/fonts/type1/public/lm/lmri10.pfb></usr/local/texlive/2019/texmf-dist/fonts/type1/public/lm/lmri9.pfb></usr/local/texlive/2019/texmf-dist/fonts/type1/public/lm/lmro10.pfb></usr/local/texlive/2019/texmf-dist/fonts/type1/public/lm/lmsy10.pfb></usr/local/texlive/2019/texmf-dist/fonts/type1/public/lm/lmtt10.pfb>
Output written on /Users/mj/BA-Dokumentation/bericht.pdf (68 pages, 9439274 bytes).
PDF statistics:
 1478 PDF objects out of 1728 (max. 8388607)
 1306 compressed objects within 14 object streams
 305 named destinations out of 1000 (max. 500000)
 29866 words of extra memory for PDF output out of 35830 (max. 10000000)

